 Total Nb of available Diagnostics: ndiagt=   928
------------------------------------------------------------------------------------
  Num  |<-Name->|Levs|  mate |<- code ->|<--  Units   -->|<- Tile (max=80c)         
------------------------------------------------------------------------------------
     1 |SDIAG1  |  1 |       |SM      L1|user-defined    |User-Defined   Surface   Diagnostic  #1
     2 |SDIAG2  |  1 |       |SM      L1|user-defined    |User-Defined   Surface   Diagnostic  #2
     3 |SDIAG3  |  1 |       |SM      L1|user-defined    |User-Defined   Surface   Diagnostic  #3
     4 |SDIAG4  |  1 |       |SM      L1|user-defined    |User-Defined   Surface   Diagnostic  #4
     5 |SDIAG5  |  1 |       |SM      L1|user-defined    |User-Defined   Surface   Diagnostic  #5
     6 |SDIAG6  |  1 |       |SM      L1|user-defined    |User-Defined   Surface   Diagnostic  #6
     7 |SDIAG7  |  1 |       |SU      L1|user-defined    |User-Defined U.pt Surface Diagnostic #7
     8 |SDIAG8  |  1 |       |SV      L1|user-defined    |User-Defined V.pt Surface Diagnostic #8
     9 |SDIAG9  |  1 |    10 |UU      L1|user-defined    |User-Defined U.vector Surface Diag.  #9
    10 |SDIAG10 |  1 |     9 |VV      L1|user-defined    |User-Defined V.vector Surface Diag. #10
    11 |UDIAG1  | 23 |       |SM      MR|user-defined    |User-Defined Model-Level Diagnostic  #1
    12 |UDIAG2  | 23 |       |SM      MR|user-defined    |User-Defined Model-Level Diagnostic  #2
    13 |UDIAG3  | 23 |       |SMR     MR|user-defined    |User-Defined Model-Level Diagnostic  #3
    14 |UDIAG4  | 23 |       |SMR     MR|user-defined    |User-Defined Model-Level Diagnostic  #4
    15 |UDIAG5  | 23 |       |SU      MR|user-defined    |User-Defined U.pt Model-Level Diag.  #5
    16 |UDIAG6  | 23 |       |SV      MR|user-defined    |User-Defined V.pt Model-Level Diag.  #6
    17 |UDIAG7  | 23 |    18 |UUR     MR|user-defined    |User-Defined U.vector Model-Lev Diag.#7
    18 |UDIAG8  | 23 |    17 |VVR     MR|user-defined    |User-Defined V.vector Model-Lev Diag.#8
    19 |UDIAG9  | 23 |       |SM      ML|user-defined    |User-Defined Phys-Level  Diagnostic  #9
    20 |UDIAG10 | 23 |       |SM      ML|user-defined    |User-Defined Phys-Level  Diagnostic #10
    21 |SDIAGC  |  1 |    22 |SM  C   L1|user-defined    |User-Defined Counted Surface Diagnostic
    22 |SDIAGCC |  1 |       |SM      L1|count           |User-Defined Surface Diagnostic Counter
    23 |ETAN    |  1 |       |SM      M1|m               |Surface Height Anomaly
    24 |ETANSQ  |  1 |       |SM P    M1|m^2             |Square of Surface Height Anomaly
    25 |DETADT2 |  1 |       |SM      M1|m^2/s^2         |Square of Surface Height Anomaly Tendency
    26 |THETA   | 23 |       |SMR     MR|degC            |Potential Temperature
    27 |SALT    | 23 |       |SMR     MR|psu             |Salinity
    28 |RELHUM  | 23 |       |SMR     MR|percent         |Relative Humidity
    29 |SALTanom| 23 |       |SMR     MR|psu             |Salt anomaly (=SALT-35; g/kg)
    30 |UVEL    | 23 |    31 |UUR     MR|m/s             |Zonal Component of Velocity (m/s)
    31 |VVEL    | 23 |    30 |VVR     MR|m/s             |Meridional Component of Velocity (m/s)
    32 |WVEL    | 23 |       |WM      LR|m/s             |Vertical Component of Velocity (r_units/s)
    33 |THETASQ | 23 |       |SMRP    MR|degC^2          |Square of Potential Temperature
    34 |SALTSQ  | 23 |       |SMRP    MR|(psu)^2         |Square of Salinity
    35 |SALTSQan| 23 |       |SMRP    MR|(psu)^2         |Square of Salt anomaly (=(SALT-35)^2 (g^2/kg^2)
    36 |UVELSQ  | 23 |    37 |UURP    MR|m^2/s^2         |Square of Zonal Comp of Velocity (m^2/s^2)
    37 |VVELSQ  | 23 |    36 |VVRP    MR|m^2/s^2         |Square of Meridional Comp of Velocity (m^2/s^2)
    38 |WVELSQ  | 23 |       |WM P    LR|m^2/s^2         |Square of Vertical Comp of Velocity
    39 |UE_VEL_C| 23 |    40 |UMR     MR|m/s             |Eastward Velocity (m/s) (cell center)
    40 |VN_VEL_C| 23 |    39 |VMR     MR|m/s             |Northward Velocity (m/s) (cell center)
    41 |UV_VEL_C| 23 |    41 |UMR     MR|m^2/s^2         |Product of horizontal Comp of velocity (cell center)
    42 |UV_VEL_Z| 23 |    42 |UZR     MR|m^2/s^2         |Meridional Transport of Zonal Momentum (m^2/s^2)
    43 |WU_VEL  | 23 |       |WU      LR|m.m/s^2         |Vertical Transport of Zonal Momentum
    44 |WV_VEL  | 23 |       |WV      LR|m.m/s^2         |Vertical Transport of Meridional Momentum
    45 |UVELMASS| 23 |    46 |UUr     MR|m/s             |Zonal Mass-Weighted Comp of Velocity (m/s)
    46 |VVELMASS| 23 |    45 |VVr     MR|m/s             |Meridional Mass-Weighted Comp of Velocity (m/s)
    47 |WVELMASS| 23 |       |WM      LR|m/s             |Vertical Mass-Weighted Comp of Velocity
    48 |PhiVEL  | 23 |    45 |SMR P   MR|m^2/s           |Horizontal Velocity Potential (m^2/s)
    49 |PsiVEL  | 23 |    48 |SZ  P   MR|m.m^2/s         |Horizontal Velocity Stream-Function
    50 |UTHMASS | 23 |    51 |UUr     MR|degC.m/s        |Zonal Mass-Weight Transp of Pot Temp
    51 |VTHMASS | 23 |    50 |VVr     MR|degC.m/s        |Meridional Mass-Weight Transp of Pot Temp
    52 |WTHMASS | 23 |       |WM      LR|degC.m/s        |Vertical Mass-Weight Transp of Pot Temp (K.m/s)
    53 |USLTMASS| 23 |    54 |UUr     MR|psu.m/s         |Zonal Mass-Weight Transp of Salinity
    54 |VSLTMASS| 23 |    53 |VVr     MR|psu.m/s         |Meridional Mass-Weight Transp of Salinity
    55 |WSLTMASS| 23 |       |WM      LR|psu.m/s         |Vertical Mass-Weight Transp of Salinity
    56 |UVELTH  | 23 |    57 |UUR     MR|degC.m/s        |Zonal Transport of Pot Temp
    57 |VVELTH  | 23 |    56 |VVR     MR|degC.m/s        |Meridional Transport of Pot Temp
    58 |WVELTH  | 23 |       |WM      LR|degC.m/s        |Vertical Transport of Pot Temp
    59 |UVELSLT | 23 |    60 |UUR     MR|psu.m/s         |Zonal Transport of Salinity
    60 |VVELSLT | 23 |    59 |VVR     MR|psu.m/s         |Meridional Transport of Salinity
    61 |WVELSLT | 23 |       |WM      LR|psu.m/s         |Vertical Transport of Salinity
    62 |UVELPHI | 23 |    63 |UUr     MR|m^3/s^3         |Zonal Mass-Weight Transp of Pressure Pot.(p/rho) Anomaly
    63 |VVELPHI | 23 |    62 |VVr     MR|m^3/s^3         |Merid. Mass-Weight Transp of Pressure Pot.(p/rho) Anomaly
    64 |RHOAnoma| 23 |       |SMR     MR|kg/m^3          |Density Anomaly (=Rho-rhoConst)
    65 |RHOANOSQ| 23 |       |SMRP    MR|kg^2/m^6        |Square of Density Anomaly (=(Rho-rhoConst)^2)
    66 |URHOMASS| 23 |    67 |UUr     MR|kg/m^2/s        |Zonal Transport of Density
    67 |VRHOMASS| 23 |    66 |VVr     MR|kg/m^2/s        |Meridional Transport of Density
    68 |WRHOMASS| 23 |       |WM      LR|kg/m^2/s        |Vertical Transport of Density
    69 |WdRHO_P | 23 |       |WM      LR|kg/m^2/s        |Vertical velocity times delta^k(Rho)_at-const-P
    70 |WdRHOdP | 23 |       |WM      LR|kg/m^2/s        |Vertical velocity times delta^k(Rho)_at-const-T,S
    71 |PHIHYD  | 23 |       |SMR     MR|m^2/s^2         |Hydrostatic Pressure Pot.(p/rho) Anomaly
    72 |PHIHYDSQ| 23 |       |SMRP    MR|m^4/s^4         |Square of Hyd. Pressure Pot.(p/rho) Anomaly
    73 |PHIBOT  |  1 |       |SM      M1|m^2/s^2         |Bottom Pressure Pot.(p/rho) Anomaly
    74 |PHIBOTSQ|  1 |       |SM P    M1|m^4/s^4         |Square of Bottom Pressure Pot.(p/rho) Anomaly
    75 |MXLDEPTH|  1 |       |SM      M1|m               |Mixed-Layer Depth (>0)
    76 |DRHODR  | 23 |       |SM      LR|kg/m^4          |Stratification: d.Sigma/dr (kg/m3/r_unit)
    77 |CONVADJ | 23 |       |SMR     LR|fraction        |Convective Adjustment Index [0-1]
    78 |oceTAUX |  1 |    79 |UU      U1|N/m^2           |zonal surface wind stress, >0 increases uVel
    79 |oceTAUY |  1 |    78 |VV      U1|N/m^2           |meridional surf. wind stress, >0 increases vVel
    80 |atmPload|  1 |       |SM      U1|Pa              |Atmospheric pressure loading
    81 |sIceLoad|  1 |       |SM      U1|kg/m^2          |sea-ice loading (in Mass of ice+snow / area unit)
    82 |oceFWflx|  1 |       |SM      U1|kg/m^2/s        |net surface Fresh-Water flux into the ocean (+=down), >0 decreases salinity
    83 |oceSflux|  1 |       |SM      U1|g/m^2/s         |net surface Salt flux into the ocean (+=down), >0 increases salinity
    84 |oceQnet |  1 |       |SM      U1|W/m^2           |net surface heat flux into the ocean (+=down), >0 increases theta
    85 |oceQsw  |  1 |       |SM      U1|W/m^2           |net Short-Wave radiation (+=down), >0 increases theta
    86 |oceFreez|  1 |       |SM      U1|W/m^2           |heating from freezing of sea-water (allowFreezing=T)
    87 |TRELAX  |  1 |       |SM      U1|W/m^2           |surface temperature relaxation, >0 increases theta
    88 |SRELAX  |  1 |       |SM      U1|g/m^2/s         |surface salinity relaxation, >0 increases salt
    89 |surForcT|  1 |       |SM      U1|W/m^2           |model surface forcing for Temperature, >0 increases theta
    90 |surForcS|  1 |       |SM      U1|g/m^2/s         |model surface forcing for Salinity, >0 increases salinity
    91 |TFLUX   |  1 |       |SM      U1|W/m^2           |total heat flux (match heat-content variations), >0 increases theta
    92 |SFLUX   |  1 |       |SM      U1|g/m^2/s         |total salt flux (match salt-content variations), >0 increases salt
    93 |RCENTER | 23 |       |SM      MR|m               |Cell-Center Height
    94 |RSURF   |  1 |       |SM      M1|m               |Surface Height
    95 |TOTUTEND| 23 |    96 |UUR     MR|m/s/day         |Tendency of Zonal Component of Velocity
    96 |TOTVTEND| 23 |    95 |VVR     MR|m/s/day         |Tendency of Meridional Component of Velocity
    97 |TOTTTEND| 23 |       |SMR     MR|degC/day        |Tendency of Potential Temperature
    98 |TOTSTEND| 23 |       |SMR     MR|psu/day         |Tendency of Salinity
    99 |MoistCor| 23 |       |SM      MR|W/m^2           |Heating correction due to moist thermodynamics
------------------------------------------------------------------------------------
  Num  |<-Name->|Levs|  mate |<- code ->|<--  Units   -->|<- Tile (max=80c)         
------------------------------------------------------------------------------------
   100 |gT_Forc | 23 |       |SMR     MR|degC/s          |Potential Temp. forcing tendency
   101 |gS_Forc | 23 |       |SMR     MR|psu/s           |Salinity forcing tendency
   102 |AB_gT   | 23 |       |SMR     MR|degC/s          |Potential Temp. tendency from Adams-Bashforth
   103 |AB_gS   | 23 |       |SMR     MR|psu/s           |Salinity tendency from Adams-Bashforth
   104 |gTinAB  | 23 |       |SMR     MR|degC/s          |Potential Temp. tendency going in Adams-Bashforth
   105 |gSinAB  | 23 |       |SMR     MR|psu/s           |Salinity tendency going in Adams-Bashforth
   106 |AB_gU   | 23 |   107 |UUR     MR|m/s^2           |U momentum tendency from Adams-Bashforth
   107 |AB_gV   | 23 |   106 |VVR     MR|m/s^2           |V momentum tendency from Adams-Bashforth
   108 |ADVr_TH | 23 |       |WM      LR|degC.m^3/s      |Vertical   Advective Flux of Pot.Temperature
   109 |ADVx_TH | 23 |   110 |UU      MR|degC.m^3/s      |Zonal      Advective Flux of Pot.Temperature
   110 |ADVy_TH | 23 |   109 |VV      MR|degC.m^3/s      |Meridional Advective Flux of Pot.Temperature
   111 |DFrE_TH | 23 |       |WM      LR|degC.m^3/s      |Vertical Diffusive Flux of Pot.Temperature (Explicit part)
   112 |DFxE_TH | 23 |   113 |UU      MR|degC.m^3/s      |Zonal      Diffusive Flux of Pot.Temperature
   113 |DFyE_TH | 23 |   112 |VV      MR|degC.m^3/s      |Meridional Diffusive Flux of Pot.Temperature
   114 |DFrI_TH | 23 |       |WM      LR|degC.m^3/s      |Vertical Diffusive Flux of Pot.Temperature (Implicit part)
   115 |ADVr_SLT| 23 |       |WM      LR|psu.m^3/s       |Vertical   Advective Flux of Salinity
   116 |ADVx_SLT| 23 |   117 |UU      MR|psu.m^3/s       |Zonal      Advective Flux of Salinity
   117 |ADVy_SLT| 23 |   116 |VV      MR|psu.m^3/s       |Meridional Advective Flux of Salinity
   118 |DFrE_SLT| 23 |       |WM      LR|psu.m^3/s       |Vertical Diffusive Flux of Salinity    (Explicit part)
   119 |DFxE_SLT| 23 |   120 |UU      MR|psu.m^3/s       |Zonal      Diffusive Flux of Salinity
   120 |DFyE_SLT| 23 |   119 |VV      MR|psu.m^3/s       |Meridional Diffusive Flux of Salinity
   121 |DFrI_SLT| 23 |       |WM      LR|psu.m^3/s       |Vertical Diffusive Flux of Salinity    (Implicit part)
   122 |SALTFILL| 23 |       |SM      MR|psu.m^3/s       |Filling of Negative Values of Salinity
   123 |EXFhs   |  1 |       |SM      U1|W/m^2           |Sensible heat flux into ocean, >0 increases theta
   124 |EXFhl   |  1 |       |SM      U1|W/m^2           |Latent heat flux into ocean, >0 increases theta
   125 |EXFlwnet|  1 |       |SM      U1|W/m^2           |Net upward longwave radiation, >0 decreases theta
   126 |EXFswnet|  1 |       |SM      U1|W/m^2           |Net upward shortwave radiation, >0 decreases theta
   127 |EXFlwdn |  1 |       |SM      U1|W/m^2           |Downward longwave radiation, >0 increases theta
   128 |EXFswdn |  1 |       |SM      U1|W/m^2           |Downward shortwave radiation, >0 increases theta
   129 |EXFqnet |  1 |       |SM      U1|W/m^2           |Net upward heat flux (turb+rad), >0 decreases theta
   130 |EXFtaux |  1 |       |UM      U1|N/m^2           |zonal surface wind stress, >0 increases uVel
   131 |EXFtauy |  1 |       |VM      U1|N/m^2           |meridional surface wind stress, >0 increases vVel
   132 |EXFuwind|  1 |       |UM      U1|m/s             |zonal 10-m wind speed, >0 increases uVel
   133 |EXFvwind|  1 |       |VM      U1|m/s             |meridional 10-m wind speed, >0 increases uVel
   134 |EXFwspee|  1 |       |SM      U1|m/s             |10-m wind speed modulus ( >= 0 )
   135 |EXFatemp|  1 |       |SM      U1|degK            |surface (2-m) air temperature
   136 |EXFaqh  |  1 |       |SM      U1|kg/kg           |surface (2-m) specific humidity
   137 |EXFevap |  1 |       |SM      U1|m/s             |evaporation, > 0 increases salinity
   138 |EXFpreci|  1 |       |SM      U1|m/s             |precipitation, > 0 decreases salinity
   139 |EXFsnow |  1 |       |SM      U1|m/s             |snow precipitation, > 0 decreases salinity
   140 |EXFempmr|  1 |       |SM      U1|m/s             |net upward freshwater flux, > 0 increases salinity
   141 |EXFpress|  1 |       |SM      U1|N/m^2           |atmospheric pressure field
   142 |EXFroff |  1 |       |SM      U1|m/s             |river runoff, > 0 decreases salinity
   143 |EXFroft |  1 |       |SM      U1|deg C           |river runoff temperature
   144 |KPPviscA| 23 |       |SM P    LR|m^2/s           |KPP vertical eddy viscosity coefficient
   145 |KPPdiffS| 23 |       |SM P    LR|m^2/s           |Vertical diffusion coefficient for salt & tracers
   146 |KPPdiffT| 23 |       |SM P    LR|m^2/s           |Vertical diffusion coefficient for heat
   147 |KPPghatK| 23 |       |SM P    LR|0-1             |ratio of KPP non-local (salt) flux relative to surface-flux
   148 |KPPhbl  |  1 |       |SM P     1|m               |KPP boundary layer depth, bulk Ri criterion
   149 |KPPfrac |  1 |       |SM P     1|                |Short-wave flux fraction penetrating mixing layer
   150 |KPPdbsfc| 23 |       |SM P    UR|m/s^2           |Buoyancy difference with respect to surface
   151 |KPPbfsfc| 23 |       |SM P    UR|m^2/s^3         |Bo+radiation absorbed to d=hbf*hbl + plume
   152 |KPPRi   | 23 |       |SM P    UR|non-dimensional |Bulk Richardson number
   153 |KPPbo   |  1 |       |SM P     1|m^2/s^3         |Surface turbulent buoyancy forcing
   154 |KPPbosol|  1 |       |SM P     1|m^2/s^3         |surface radiative buoyancy forcing
   155 |KPPdbloc| 23 |       |SM P    UR|m/s^2           |Local delta buoyancy across interfaces
   156 |KPPnuddt| 23 |       |SM P    UR|m^2/s           |Vertical double diffusion coefficient for heat
   157 |KPPnudds| 23 |       |SM P    UR|m^2/s           |Vertical double diffusion coefficient for salt
   158 |KPPg_TH | 23 |       |WM      LR|degC.m^3/s      |KPP non-local Flux of Pot.Temperature
   159 |KPPg_SLT| 23 |       |WM      LR|psu.m^3/s       |KPP non-local Flux of Salinity
   160 |GM_VisbK|  1 |       |SM P    M1|m^2/s           |Mixing coefficient from Visbeck etal parameterization
   161 |GM_hTrsL|  1 |       |SM P    M1|m               |Base depth (>0) of the Transition Layer
   162 |GM_baseS|  1 |       |SM P    M1|1               |Slope at the base of the Transition Layer
   163 |GM_rLamb|  1 |       |SM P    M1|1/m             |Slope vertical gradient at Trans. Layer Base (=recip.Lambda)
   164 |SubMesLf|  1 |       |SM P    M1|m               |Sub-Meso horiz. Length Scale (Lf)
   165 |SubMpsiX|  1 |   166 |UU      M1|m^2/s           |Sub-Meso transp.stream-funct. magnitude (Psi0): U component
   166 |SubMpsiY|  1 |   165 |VV      M1|m^2/s           |Sub-Meso transp.stream-funct. magnitude (Psi0): V component
   167 |GM_Kux  | 23 |   168 |UU P    MR|m^2/s           |K_11 element (U.point, X.dir) of GM-Redi tensor
   168 |GM_Kvy  | 23 |   167 |VV P    MR|m^2/s           |K_22 element (V.point, Y.dir) of GM-Redi tensor
   169 |GM_Kuz  | 23 |   170 |UU      MR|m^2/s           |K_13 element (U.point, Z.dir) of GM-Redi tensor
   170 |GM_Kvz  | 23 |   169 |VV      MR|m^2/s           |K_23 element (V.point, Z.dir) of GM-Redi tensor
   171 |GM_Kwx  | 23 |   172 |UM      LR|m^2/s           |K_31 element (W.point, X.dir) of GM-Redi tensor
   172 |GM_Kwy  | 23 |   171 |VM      LR|m^2/s           |K_32 element (W.point, Y.dir) of GM-Redi tensor
   173 |GM_Kwz  | 23 |       |WM P    LR|m^2/s           |K_33 element (W.point, Z.dir) of GM-Redi tensor
   174 |GM_PsiX | 23 |   175 |UU      LR|m^2/s           |GM Bolus transport stream-function : U component
   175 |GM_PsiY | 23 |   174 |VV      LR|m^2/s           |GM Bolus transport stream-function : V component
   176 |GM_KuzTz| 23 |   177 |UU      MR|degC.m^3/s      |Redi Off-diagonal Temperature flux: X component
   177 |GM_KvzTz| 23 |   176 |VV      MR|degC.m^3/s      |Redi Off-diagonal Temperature flux: Y component
   178 |GM_KwzTz| 23 |       |WM      LR|degC.m^3/s      |Redi main-diagonal vertical Temperature flux
   179 |GM_ubT  | 23 |   180 |UUr     MR|degC.m^3/s      |Zonal Mass-Weight Bolus Transp of Pot Temp
   180 |GM_vbT  | 23 |   179 |VVr     MR|degC.m^3/s      |Meridional Mass-Weight Bolus Transp of Pot Temp
   181 |TRAC01  | 23 |       |SMR     MR|mmol C/         |DIC concentration
   182 |UTRAC01 | 23 |   183 |UUr     MR|mmolC/.m/s      |Zonal Mass-Weighted Transp of DIC
   183 |VTRAC01 | 23 |   182 |VVr     MR|mmolC/.m/s      |Merid Mass-Weighted Transp of DIC
   184 |WTRAC01 | 23 |       |WM      MR|mmolC/.m/s      |Vert  Mass-Weighted Transp of DIC
   185 |ForcTr01| 23 |       |SMR     MR|mmolC//s        |DIC forcing tendency
   186 |AB_gTr01| 23 |       |SMR     MR|mmolC//s        |DIC tendency from Adams-Bashforth
   187 |ADVrTr01| 23 |       |WM      LR|mmolC/.m^3/s    |Vertical   Advective Flux of DIC
   188 |ADVxTr01| 23 |   189 |UU      MR|mmolC/.m^3/s    |Zonal      Advective Flux of DIC
   189 |ADVyTr01| 23 |   188 |VV      MR|mmolC/.m^3/s    |Meridional Advective Flux of DIC
   190 |DFrETr01| 23 |       |WM      LR|mmolC/.m^3/s    |Vertical Diffusive Flux of DIC (Explicit part)
   191 |DFxETr01| 23 |   192 |UU      MR|mmolC/.m^3/s    |Zonal      Diffusive Flux of DIC
   192 |DFyETr01| 23 |   191 |VV      MR|mmolC/.m^3/s    |Meridional Diffusive Flux of DIC
   193 |DFrITr01| 23 |       |WM      LR|mmolC/.m^3/s    |Vertical Diffusive Flux of DIC (Implicit part)
   194 |KPPgTr01| 23 |       |WM      LR|mmolC/.m^3/s    |KPP non-local Flux of DIC
   195 |TRAC02  | 23 |       |SMR     MR|mmol N/         |NH4 concentration
   196 |UTRAC02 | 23 |   197 |UUr     MR|mmolN/.m/s      |Zonal Mass-Weighted Transp of NH4
   197 |VTRAC02 | 23 |   196 |VVr     MR|mmolN/.m/s      |Merid Mass-Weighted Transp of NH4
   198 |WTRAC02 | 23 |       |WM      MR|mmolN/.m/s      |Vert  Mass-Weighted Transp of NH4
   199 |ForcTr02| 23 |       |SMR     MR|mmolN//s        |NH4 forcing tendency
------------------------------------------------------------------------------------
  Num  |<-Name->|Levs|  mate |<- code ->|<--  Units   -->|<- Tile (max=80c)         
------------------------------------------------------------------------------------
   200 |AB_gTr02| 23 |       |SMR     MR|mmolN//s        |NH4 tendency from Adams-Bashforth
   201 |ADVrTr02| 23 |       |WM      LR|mmolN/.m^3/s    |Vertical   Advective Flux of NH4
   202 |ADVxTr02| 23 |   203 |UU      MR|mmolN/.m^3/s    |Zonal      Advective Flux of NH4
   203 |ADVyTr02| 23 |   202 |VV      MR|mmolN/.m^3/s    |Meridional Advective Flux of NH4
   204 |DFrETr02| 23 |       |WM      LR|mmolN/.m^3/s    |Vertical Diffusive Flux of NH4 (Explicit part)
   205 |DFxETr02| 23 |   206 |UU      MR|mmolN/.m^3/s    |Zonal      Diffusive Flux of NH4
   206 |DFyETr02| 23 |   205 |VV      MR|mmolN/.m^3/s    |Meridional Diffusive Flux of NH4
   207 |DFrITr02| 23 |       |WM      LR|mmolN/.m^3/s    |Vertical Diffusive Flux of NH4 (Implicit part)
   208 |KPPgTr02| 23 |       |WM      LR|mmolN/.m^3/s    |KPP non-local Flux of NH4
   209 |TRAC03  | 23 |       |SMR     MR|mmol N/         |NO2 concentration
   210 |UTRAC03 | 23 |   211 |UUr     MR|mmolN/.m/s      |Zonal Mass-Weighted Transp of NO2
   211 |VTRAC03 | 23 |   210 |VVr     MR|mmolN/.m/s      |Merid Mass-Weighted Transp of NO2
   212 |WTRAC03 | 23 |       |WM      MR|mmolN/.m/s      |Vert  Mass-Weighted Transp of NO2
   213 |ForcTr03| 23 |       |SMR     MR|mmolN//s        |NO2 forcing tendency
   214 |AB_gTr03| 23 |       |SMR     MR|mmolN//s        |NO2 tendency from Adams-Bashforth
   215 |ADVrTr03| 23 |       |WM      LR|mmolN/.m^3/s    |Vertical   Advective Flux of NO2
   216 |ADVxTr03| 23 |   217 |UU      MR|mmolN/.m^3/s    |Zonal      Advective Flux of NO2
   217 |ADVyTr03| 23 |   216 |VV      MR|mmolN/.m^3/s    |Meridional Advective Flux of NO2
   218 |DFrETr03| 23 |       |WM      LR|mmolN/.m^3/s    |Vertical Diffusive Flux of NO2 (Explicit part)
   219 |DFxETr03| 23 |   220 |UU      MR|mmolN/.m^3/s    |Zonal      Diffusive Flux of NO2
   220 |DFyETr03| 23 |   219 |VV      MR|mmolN/.m^3/s    |Meridional Diffusive Flux of NO2
   221 |DFrITr03| 23 |       |WM      LR|mmolN/.m^3/s    |Vertical Diffusive Flux of NO2 (Implicit part)
   222 |KPPgTr03| 23 |       |WM      LR|mmolN/.m^3/s    |KPP non-local Flux of NO2
   223 |TRAC04  | 23 |       |SMR     MR|mmol N/         |NO3 concentration
   224 |UTRAC04 | 23 |   225 |UUr     MR|mmolN/.m/s      |Zonal Mass-Weighted Transp of NO3
   225 |VTRAC04 | 23 |   224 |VVr     MR|mmolN/.m/s      |Merid Mass-Weighted Transp of NO3
   226 |WTRAC04 | 23 |       |WM      MR|mmolN/.m/s      |Vert  Mass-Weighted Transp of NO3
   227 |ForcTr04| 23 |       |SMR     MR|mmolN//s        |NO3 forcing tendency
   228 |AB_gTr04| 23 |       |SMR     MR|mmolN//s        |NO3 tendency from Adams-Bashforth
   229 |ADVrTr04| 23 |       |WM      LR|mmolN/.m^3/s    |Vertical   Advective Flux of NO3
   230 |ADVxTr04| 23 |   231 |UU      MR|mmolN/.m^3/s    |Zonal      Advective Flux of NO3
   231 |ADVyTr04| 23 |   230 |VV      MR|mmolN/.m^3/s    |Meridional Advective Flux of NO3
   232 |DFrETr04| 23 |       |WM      LR|mmolN/.m^3/s    |Vertical Diffusive Flux of NO3 (Explicit part)
   233 |DFxETr04| 23 |   234 |UU      MR|mmolN/.m^3/s    |Zonal      Diffusive Flux of NO3
   234 |DFyETr04| 23 |   233 |VV      MR|mmolN/.m^3/s    |Meridional Diffusive Flux of NO3
   235 |DFrITr04| 23 |       |WM      LR|mmolN/.m^3/s    |Vertical Diffusive Flux of NO3 (Implicit part)
   236 |KPPgTr04| 23 |       |WM      LR|mmolN/.m^3/s    |KPP non-local Flux of NO3
   237 |TRAC05  | 23 |       |SMR     MR|mmol P/         |PO4 concentration
   238 |UTRAC05 | 23 |   239 |UUr     MR|mmolP/.m/s      |Zonal Mass-Weighted Transp of PO4
   239 |VTRAC05 | 23 |   238 |VVr     MR|mmolP/.m/s      |Merid Mass-Weighted Transp of PO4
   240 |WTRAC05 | 23 |       |WM      MR|mmolP/.m/s      |Vert  Mass-Weighted Transp of PO4
   241 |ForcTr05| 23 |       |SMR     MR|mmolP//s        |PO4 forcing tendency
   242 |AB_gTr05| 23 |       |SMR     MR|mmolP//s        |PO4 tendency from Adams-Bashforth
   243 |ADVrTr05| 23 |       |WM      LR|mmolP/.m^3/s    |Vertical   Advective Flux of PO4
   244 |ADVxTr05| 23 |   245 |UU      MR|mmolP/.m^3/s    |Zonal      Advective Flux of PO4
   245 |ADVyTr05| 23 |   244 |VV      MR|mmolP/.m^3/s    |Meridional Advective Flux of PO4
   246 |DFrETr05| 23 |       |WM      LR|mmolP/.m^3/s    |Vertical Diffusive Flux of PO4 (Explicit part)
   247 |DFxETr05| 23 |   248 |UU      MR|mmolP/.m^3/s    |Zonal      Diffusive Flux of PO4
   248 |DFyETr05| 23 |   247 |VV      MR|mmolP/.m^3/s    |Meridional Diffusive Flux of PO4
   249 |DFrITr05| 23 |       |WM      LR|mmolP/.m^3/s    |Vertical Diffusive Flux of PO4 (Implicit part)
   250 |KPPgTr05| 23 |       |WM      LR|mmolP/.m^3/s    |KPP non-local Flux of PO4
   251 |TRAC06  | 23 |       |SMR     MR|mmol Si         |SiO2 concentration
   252 |UTRAC06 | 23 |   253 |UUr     MR|mmolSi.m/s      |Zonal Mass-Weighted Transp of SiO2
   253 |VTRAC06 | 23 |   252 |VVr     MR|mmolSi.m/s      |Merid Mass-Weighted Transp of SiO2
   254 |WTRAC06 | 23 |       |WM      MR|mmolSi.m/s      |Vert  Mass-Weighted Transp of SiO2
   255 |ForcTr06| 23 |       |SMR     MR|mmolSi/s        |SiO2 forcing tendency
   256 |AB_gTr06| 23 |       |SMR     MR|mmolSi/s        |SiO2 tendency from Adams-Bashforth
   257 |ADVrTr06| 23 |       |WM      LR|mmolSi.m^3/s    |Vertical   Advective Flux of SiO2
   258 |ADVxTr06| 23 |   259 |UU      MR|mmolSi.m^3/s    |Zonal      Advective Flux of SiO2
   259 |ADVyTr06| 23 |   258 |VV      MR|mmolSi.m^3/s    |Meridional Advective Flux of SiO2
   260 |DFrETr06| 23 |       |WM      LR|mmolSi.m^3/s    |Vertical Diffusive Flux of SiO2 (Explicit part)
   261 |DFxETr06| 23 |   262 |UU      MR|mmolSi.m^3/s    |Zonal      Diffusive Flux of SiO2
   262 |DFyETr06| 23 |   261 |VV      MR|mmolSi.m^3/s    |Meridional Diffusive Flux of SiO2
   263 |DFrITr06| 23 |       |WM      LR|mmolSi.m^3/s    |Vertical Diffusive Flux of SiO2 (Implicit part)
   264 |KPPgTr06| 23 |       |WM      LR|mmolSi.m^3/s    |KPP non-local Flux of SiO2
   265 |TRAC07  | 23 |       |SMR     MR|mmol Fe         |FeT concentration
   266 |UTRAC07 | 23 |   267 |UUr     MR|mmolFe.m/s      |Zonal Mass-Weighted Transp of FeT
   267 |VTRAC07 | 23 |   266 |VVr     MR|mmolFe.m/s      |Merid Mass-Weighted Transp of FeT
   268 |WTRAC07 | 23 |       |WM      MR|mmolFe.m/s      |Vert  Mass-Weighted Transp of FeT
   269 |ForcTr07| 23 |       |SMR     MR|mmolFe/s        |FeT forcing tendency
   270 |AB_gTr07| 23 |       |SMR     MR|mmolFe/s        |FeT tendency from Adams-Bashforth
   271 |ADVrTr07| 23 |       |WM      LR|mmolFe.m^3/s    |Vertical   Advective Flux of FeT
   272 |ADVxTr07| 23 |   273 |UU      MR|mmolFe.m^3/s    |Zonal      Advective Flux of FeT
   273 |ADVyTr07| 23 |   272 |VV      MR|mmolFe.m^3/s    |Meridional Advective Flux of FeT
   274 |DFrETr07| 23 |       |WM      LR|mmolFe.m^3/s    |Vertical Diffusive Flux of FeT (Explicit part)
   275 |DFxETr07| 23 |   276 |UU      MR|mmolFe.m^3/s    |Zonal      Diffusive Flux of FeT
   276 |DFyETr07| 23 |   275 |VV      MR|mmolFe.m^3/s    |Meridional Diffusive Flux of FeT
   277 |DFrITr07| 23 |       |WM      LR|mmolFe.m^3/s    |Vertical Diffusive Flux of FeT (Implicit part)
   278 |KPPgTr07| 23 |       |WM      LR|mmolFe.m^3/s    |KPP non-local Flux of FeT
   279 |TRAC08  | 23 |       |SMR     MR|mmol C/         |DOC concentration
   280 |UTRAC08 | 23 |   281 |UUr     MR|mmolC/.m/s      |Zonal Mass-Weighted Transp of DOC
   281 |VTRAC08 | 23 |   280 |VVr     MR|mmolC/.m/s      |Merid Mass-Weighted Transp of DOC
   282 |WTRAC08 | 23 |       |WM      MR|mmolC/.m/s      |Vert  Mass-Weighted Transp of DOC
   283 |ForcTr08| 23 |       |SMR     MR|mmolC//s        |DOC forcing tendency
   284 |AB_gTr08| 23 |       |SMR     MR|mmolC//s        |DOC tendency from Adams-Bashforth
   285 |ADVrTr08| 23 |       |WM      LR|mmolC/.m^3/s    |Vertical   Advective Flux of DOC
   286 |ADVxTr08| 23 |   287 |UU      MR|mmolC/.m^3/s    |Zonal      Advective Flux of DOC
   287 |ADVyTr08| 23 |   286 |VV      MR|mmolC/.m^3/s    |Meridional Advective Flux of DOC
   288 |DFrETr08| 23 |       |WM      LR|mmolC/.m^3/s    |Vertical Diffusive Flux of DOC (Explicit part)
   289 |DFxETr08| 23 |   290 |UU      MR|mmolC/.m^3/s    |Zonal      Diffusive Flux of DOC
   290 |DFyETr08| 23 |   289 |VV      MR|mmolC/.m^3/s    |Meridional Diffusive Flux of DOC
   291 |DFrITr08| 23 |       |WM      LR|mmolC/.m^3/s    |Vertical Diffusive Flux of DOC (Implicit part)
   292 |KPPgTr08| 23 |       |WM      LR|mmolC/.m^3/s    |KPP non-local Flux of DOC
   293 |TRAC09  | 23 |       |SMR     MR|mmol N/         |DON concentration
   294 |UTRAC09 | 23 |   295 |UUr     MR|mmolN/.m/s      |Zonal Mass-Weighted Transp of DON
   295 |VTRAC09 | 23 |   294 |VVr     MR|mmolN/.m/s      |Merid Mass-Weighted Transp of DON
   296 |WTRAC09 | 23 |       |WM      MR|mmolN/.m/s      |Vert  Mass-Weighted Transp of DON
   297 |ForcTr09| 23 |       |SMR     MR|mmolN//s        |DON forcing tendency
   298 |AB_gTr09| 23 |       |SMR     MR|mmolN//s        |DON tendency from Adams-Bashforth
   299 |ADVrTr09| 23 |       |WM      LR|mmolN/.m^3/s    |Vertical   Advective Flux of DON
------------------------------------------------------------------------------------
  Num  |<-Name->|Levs|  mate |<- code ->|<--  Units   -->|<- Tile (max=80c)         
------------------------------------------------------------------------------------
   300 |ADVxTr09| 23 |   301 |UU      MR|mmolN/.m^3/s    |Zonal      Advective Flux of DON
   301 |ADVyTr09| 23 |   300 |VV      MR|mmolN/.m^3/s    |Meridional Advective Flux of DON
   302 |DFrETr09| 23 |       |WM      LR|mmolN/.m^3/s    |Vertical Diffusive Flux of DON (Explicit part)
   303 |DFxETr09| 23 |   304 |UU      MR|mmolN/.m^3/s    |Zonal      Diffusive Flux of DON
   304 |DFyETr09| 23 |   303 |VV      MR|mmolN/.m^3/s    |Meridional Diffusive Flux of DON
   305 |DFrITr09| 23 |       |WM      LR|mmolN/.m^3/s    |Vertical Diffusive Flux of DON (Implicit part)
   306 |KPPgTr09| 23 |       |WM      LR|mmolN/.m^3/s    |KPP non-local Flux of DON
   307 |TRAC10  | 23 |       |SMR     MR|mmol P/         |DOP concentration
   308 |UTRAC10 | 23 |   309 |UUr     MR|mmolP/.m/s      |Zonal Mass-Weighted Transp of DOP
   309 |VTRAC10 | 23 |   308 |VVr     MR|mmolP/.m/s      |Merid Mass-Weighted Transp of DOP
   310 |WTRAC10 | 23 |       |WM      MR|mmolP/.m/s      |Vert  Mass-Weighted Transp of DOP
   311 |ForcTr10| 23 |       |SMR     MR|mmolP//s        |DOP forcing tendency
   312 |AB_gTr10| 23 |       |SMR     MR|mmolP//s        |DOP tendency from Adams-Bashforth
   313 |ADVrTr10| 23 |       |WM      LR|mmolP/.m^3/s    |Vertical   Advective Flux of DOP
   314 |ADVxTr10| 23 |   315 |UU      MR|mmolP/.m^3/s    |Zonal      Advective Flux of DOP
   315 |ADVyTr10| 23 |   314 |VV      MR|mmolP/.m^3/s    |Meridional Advective Flux of DOP
   316 |DFrETr10| 23 |       |WM      LR|mmolP/.m^3/s    |Vertical Diffusive Flux of DOP (Explicit part)
   317 |DFxETr10| 23 |   318 |UU      MR|mmolP/.m^3/s    |Zonal      Diffusive Flux of DOP
   318 |DFyETr10| 23 |   317 |VV      MR|mmolP/.m^3/s    |Meridional Diffusive Flux of DOP
   319 |DFrITr10| 23 |       |WM      LR|mmolP/.m^3/s    |Vertical Diffusive Flux of DOP (Implicit part)
   320 |KPPgTr10| 23 |       |WM      LR|mmolP/.m^3/s    |KPP non-local Flux of DOP
   321 |TRAC11  | 23 |       |SMR     MR|mmol Fe         |DOFe concentration
   322 |UTRAC11 | 23 |   323 |UUr     MR|mmolFe.m/s      |Zonal Mass-Weighted Transp of DOFe
   323 |VTRAC11 | 23 |   322 |VVr     MR|mmolFe.m/s      |Merid Mass-Weighted Transp of DOFe
   324 |WTRAC11 | 23 |       |WM      MR|mmolFe.m/s      |Vert  Mass-Weighted Transp of DOFe
   325 |ForcTr11| 23 |       |SMR     MR|mmolFe/s        |DOFe forcing tendency
   326 |AB_gTr11| 23 |       |SMR     MR|mmolFe/s        |DOFe tendency from Adams-Bashforth
   327 |ADVrTr11| 23 |       |WM      LR|mmolFe.m^3/s    |Vertical   Advective Flux of DOFe
   328 |ADVxTr11| 23 |   329 |UU      MR|mmolFe.m^3/s    |Zonal      Advective Flux of DOFe
   329 |ADVyTr11| 23 |   328 |VV      MR|mmolFe.m^3/s    |Meridional Advective Flux of DOFe
   330 |DFrETr11| 23 |       |WM      LR|mmolFe.m^3/s    |Vertical Diffusive Flux of DOFe (Explicit part)
   331 |DFxETr11| 23 |   332 |UU      MR|mmolFe.m^3/s    |Zonal      Diffusive Flux of DOFe
   332 |DFyETr11| 23 |   331 |VV      MR|mmolFe.m^3/s    |Meridional Diffusive Flux of DOFe
   333 |DFrITr11| 23 |       |WM      LR|mmolFe.m^3/s    |Vertical Diffusive Flux of DOFe (Implicit part)
   334 |KPPgTr11| 23 |       |WM      LR|mmolFe.m^3/s    |KPP non-local Flux of DOFe
   335 |TRAC12  | 23 |       |SMR     MR|mmol C/         |POC concentration
   336 |UTRAC12 | 23 |   337 |UUr     MR|mmolC/.m/s      |Zonal Mass-Weighted Transp of POC
   337 |VTRAC12 | 23 |   336 |VVr     MR|mmolC/.m/s      |Merid Mass-Weighted Transp of POC
   338 |WTRAC12 | 23 |       |WM      MR|mmolC/.m/s      |Vert  Mass-Weighted Transp of POC
   339 |ForcTr12| 23 |       |SMR     MR|mmolC//s        |POC forcing tendency
   340 |AB_gTr12| 23 |       |SMR     MR|mmolC//s        |POC tendency from Adams-Bashforth
   341 |ADVrTr12| 23 |       |WM      LR|mmolC/.m^3/s    |Vertical   Advective Flux of POC
   342 |ADVxTr12| 23 |   343 |UU      MR|mmolC/.m^3/s    |Zonal      Advective Flux of POC
   343 |ADVyTr12| 23 |   342 |VV      MR|mmolC/.m^3/s    |Meridional Advective Flux of POC
   344 |DFrETr12| 23 |       |WM      LR|mmolC/.m^3/s    |Vertical Diffusive Flux of POC (Explicit part)
   345 |DFxETr12| 23 |   346 |UU      MR|mmolC/.m^3/s    |Zonal      Diffusive Flux of POC
   346 |DFyETr12| 23 |   345 |VV      MR|mmolC/.m^3/s    |Meridional Diffusive Flux of POC
   347 |DFrITr12| 23 |       |WM      LR|mmolC/.m^3/s    |Vertical Diffusive Flux of POC (Implicit part)
   348 |KPPgTr12| 23 |       |WM      LR|mmolC/.m^3/s    |KPP non-local Flux of POC
   349 |TRAC13  | 23 |       |SMR     MR|mmol N/         |PON concentration
   350 |UTRAC13 | 23 |   351 |UUr     MR|mmolN/.m/s      |Zonal Mass-Weighted Transp of PON
   351 |VTRAC13 | 23 |   350 |VVr     MR|mmolN/.m/s      |Merid Mass-Weighted Transp of PON
   352 |WTRAC13 | 23 |       |WM      MR|mmolN/.m/s      |Vert  Mass-Weighted Transp of PON
   353 |ForcTr13| 23 |       |SMR     MR|mmolN//s        |PON forcing tendency
   354 |AB_gTr13| 23 |       |SMR     MR|mmolN//s        |PON tendency from Adams-Bashforth
   355 |ADVrTr13| 23 |       |WM      LR|mmolN/.m^3/s    |Vertical   Advective Flux of PON
   356 |ADVxTr13| 23 |   357 |UU      MR|mmolN/.m^3/s    |Zonal      Advective Flux of PON
   357 |ADVyTr13| 23 |   356 |VV      MR|mmolN/.m^3/s    |Meridional Advective Flux of PON
   358 |DFrETr13| 23 |       |WM      LR|mmolN/.m^3/s    |Vertical Diffusive Flux of PON (Explicit part)
   359 |DFxETr13| 23 |   360 |UU      MR|mmolN/.m^3/s    |Zonal      Diffusive Flux of PON
   360 |DFyETr13| 23 |   359 |VV      MR|mmolN/.m^3/s    |Meridional Diffusive Flux of PON
   361 |DFrITr13| 23 |       |WM      LR|mmolN/.m^3/s    |Vertical Diffusive Flux of PON (Implicit part)
   362 |KPPgTr13| 23 |       |WM      LR|mmolN/.m^3/s    |KPP non-local Flux of PON
   363 |TRAC14  | 23 |       |SMR     MR|mmol P/         |POP concentration
   364 |UTRAC14 | 23 |   365 |UUr     MR|mmolP/.m/s      |Zonal Mass-Weighted Transp of POP
   365 |VTRAC14 | 23 |   364 |VVr     MR|mmolP/.m/s      |Merid Mass-Weighted Transp of POP
   366 |WTRAC14 | 23 |       |WM      MR|mmolP/.m/s      |Vert  Mass-Weighted Transp of POP
   367 |ForcTr14| 23 |       |SMR     MR|mmolP//s        |POP forcing tendency
   368 |AB_gTr14| 23 |       |SMR     MR|mmolP//s        |POP tendency from Adams-Bashforth
   369 |ADVrTr14| 23 |       |WM      LR|mmolP/.m^3/s    |Vertical   Advective Flux of POP
   370 |ADVxTr14| 23 |   371 |UU      MR|mmolP/.m^3/s    |Zonal      Advective Flux of POP
   371 |ADVyTr14| 23 |   370 |VV      MR|mmolP/.m^3/s    |Meridional Advective Flux of POP
   372 |DFrETr14| 23 |       |WM      LR|mmolP/.m^3/s    |Vertical Diffusive Flux of POP (Explicit part)
   373 |DFxETr14| 23 |   374 |UU      MR|mmolP/.m^3/s    |Zonal      Diffusive Flux of POP
   374 |DFyETr14| 23 |   373 |VV      MR|mmolP/.m^3/s    |Meridional Diffusive Flux of POP
   375 |DFrITr14| 23 |       |WM      LR|mmolP/.m^3/s    |Vertical Diffusive Flux of POP (Implicit part)
   376 |KPPgTr14| 23 |       |WM      LR|mmolP/.m^3/s    |KPP non-local Flux of POP
   377 |TRAC15  | 23 |       |SMR     MR|mmol Si         |POSi concentration
   378 |UTRAC15 | 23 |   379 |UUr     MR|mmolSi.m/s      |Zonal Mass-Weighted Transp of POSi
   379 |VTRAC15 | 23 |   378 |VVr     MR|mmolSi.m/s      |Merid Mass-Weighted Transp of POSi
   380 |WTRAC15 | 23 |       |WM      MR|mmolSi.m/s      |Vert  Mass-Weighted Transp of POSi
   381 |ForcTr15| 23 |       |SMR     MR|mmolSi/s        |POSi forcing tendency
   382 |AB_gTr15| 23 |       |SMR     MR|mmolSi/s        |POSi tendency from Adams-Bashforth
   383 |ADVrTr15| 23 |       |WM      LR|mmolSi.m^3/s    |Vertical   Advective Flux of POSi
   384 |ADVxTr15| 23 |   385 |UU      MR|mmolSi.m^3/s    |Zonal      Advective Flux of POSi
   385 |ADVyTr15| 23 |   384 |VV      MR|mmolSi.m^3/s    |Meridional Advective Flux of POSi
   386 |DFrETr15| 23 |       |WM      LR|mmolSi.m^3/s    |Vertical Diffusive Flux of POSi (Explicit part)
   387 |DFxETr15| 23 |   388 |UU      MR|mmolSi.m^3/s    |Zonal      Diffusive Flux of POSi
   388 |DFyETr15| 23 |   387 |VV      MR|mmolSi.m^3/s    |Meridional Diffusive Flux of POSi
   389 |DFrITr15| 23 |       |WM      LR|mmolSi.m^3/s    |Vertical Diffusive Flux of POSi (Implicit part)
   390 |KPPgTr15| 23 |       |WM      LR|mmolSi.m^3/s    |KPP non-local Flux of POSi
   391 |TRAC16  | 23 |       |SMR     MR|mmol Fe         |POFe concentration
   392 |UTRAC16 | 23 |   393 |UUr     MR|mmolFe.m/s      |Zonal Mass-Weighted Transp of POFe
   393 |VTRAC16 | 23 |   392 |VVr     MR|mmolFe.m/s      |Merid Mass-Weighted Transp of POFe
   394 |WTRAC16 | 23 |       |WM      MR|mmolFe.m/s      |Vert  Mass-Weighted Transp of POFe
   395 |ForcTr16| 23 |       |SMR     MR|mmolFe/s        |POFe forcing tendency
   396 |AB_gTr16| 23 |       |SMR     MR|mmolFe/s        |POFe tendency from Adams-Bashforth
   397 |ADVrTr16| 23 |       |WM      LR|mmolFe.m^3/s    |Vertical   Advective Flux of POFe
   398 |ADVxTr16| 23 |   399 |UU      MR|mmolFe.m^3/s    |Zonal      Advective Flux of POFe
   399 |ADVyTr16| 23 |   398 |VV      MR|mmolFe.m^3/s    |Meridional Advective Flux of POFe
------------------------------------------------------------------------------------
  Num  |<-Name->|Levs|  mate |<- code ->|<--  Units   -->|<- Tile (max=80c)         
------------------------------------------------------------------------------------
   400 |DFrETr16| 23 |       |WM      LR|mmolFe.m^3/s    |Vertical Diffusive Flux of POFe (Explicit part)
   401 |DFxETr16| 23 |   402 |UU      MR|mmolFe.m^3/s    |Zonal      Diffusive Flux of POFe
   402 |DFyETr16| 23 |   401 |VV      MR|mmolFe.m^3/s    |Meridional Diffusive Flux of POFe
   403 |DFrITr16| 23 |       |WM      LR|mmolFe.m^3/s    |Vertical Diffusive Flux of POFe (Implicit part)
   404 |KPPgTr16| 23 |       |WM      LR|mmolFe.m^3/s    |KPP non-local Flux of POFe
   405 |TRAC17  | 23 |       |SMR     MR|mmol C/         |PIC concentration
   406 |UTRAC17 | 23 |   407 |UUr     MR|mmolC/.m/s      |Zonal Mass-Weighted Transp of PIC
   407 |VTRAC17 | 23 |   406 |VVr     MR|mmolC/.m/s      |Merid Mass-Weighted Transp of PIC
   408 |WTRAC17 | 23 |       |WM      MR|mmolC/.m/s      |Vert  Mass-Weighted Transp of PIC
   409 |ForcTr17| 23 |       |SMR     MR|mmolC//s        |PIC forcing tendency
   410 |AB_gTr17| 23 |       |SMR     MR|mmolC//s        |PIC tendency from Adams-Bashforth
   411 |ADVrTr17| 23 |       |WM      LR|mmolC/.m^3/s    |Vertical   Advective Flux of PIC
   412 |ADVxTr17| 23 |   413 |UU      MR|mmolC/.m^3/s    |Zonal      Advective Flux of PIC
   413 |ADVyTr17| 23 |   412 |VV      MR|mmolC/.m^3/s    |Meridional Advective Flux of PIC
   414 |DFrETr17| 23 |       |WM      LR|mmolC/.m^3/s    |Vertical Diffusive Flux of PIC (Explicit part)
   415 |DFxETr17| 23 |   416 |UU      MR|mmolC/.m^3/s    |Zonal      Diffusive Flux of PIC
   416 |DFyETr17| 23 |   415 |VV      MR|mmolC/.m^3/s    |Meridional Diffusive Flux of PIC
   417 |DFrITr17| 23 |       |WM      LR|mmolC/.m^3/s    |Vertical Diffusive Flux of PIC (Implicit part)
   418 |KPPgTr17| 23 |       |WM      LR|mmolC/.m^3/s    |KPP non-local Flux of PIC
   419 |TRAC18  | 23 |       |SMR     MR|mmol eq         |ALK concentration
   420 |UTRAC18 | 23 |   421 |UUr     MR|mmoleq.m/s      |Zonal Mass-Weighted Transp of ALK
   421 |VTRAC18 | 23 |   420 |VVr     MR|mmoleq.m/s      |Merid Mass-Weighted Transp of ALK
   422 |WTRAC18 | 23 |       |WM      MR|mmoleq.m/s      |Vert  Mass-Weighted Transp of ALK
   423 |ForcTr18| 23 |       |SMR     MR|mmoleq/s        |ALK forcing tendency
   424 |AB_gTr18| 23 |       |SMR     MR|mmoleq/s        |ALK tendency from Adams-Bashforth
   425 |ADVrTr18| 23 |       |WM      LR|mmoleq.m^3/s    |Vertical   Advective Flux of ALK
   426 |ADVxTr18| 23 |   427 |UU      MR|mmoleq.m^3/s    |Zonal      Advective Flux of ALK
   427 |ADVyTr18| 23 |   426 |VV      MR|mmoleq.m^3/s    |Meridional Advective Flux of ALK
   428 |DFrETr18| 23 |       |WM      LR|mmoleq.m^3/s    |Vertical Diffusive Flux of ALK (Explicit part)
   429 |DFxETr18| 23 |   430 |UU      MR|mmoleq.m^3/s    |Zonal      Diffusive Flux of ALK
   430 |DFyETr18| 23 |   429 |VV      MR|mmoleq.m^3/s    |Meridional Diffusive Flux of ALK
   431 |DFrITr18| 23 |       |WM      LR|mmoleq.m^3/s    |Vertical Diffusive Flux of ALK (Implicit part)
   432 |KPPgTr18| 23 |       |WM      LR|mmoleq.m^3/s    |KPP non-local Flux of ALK
   433 |TRAC19  | 23 |       |SMR     MR|mmol O/         |O2 concentration
   434 |UTRAC19 | 23 |   435 |UUr     MR|mmolO/.m/s      |Zonal Mass-Weighted Transp of O2
   435 |VTRAC19 | 23 |   434 |VVr     MR|mmolO/.m/s      |Merid Mass-Weighted Transp of O2
   436 |WTRAC19 | 23 |       |WM      MR|mmolO/.m/s      |Vert  Mass-Weighted Transp of O2
   437 |ForcTr19| 23 |       |SMR     MR|mmolO//s        |O2 forcing tendency
   438 |AB_gTr19| 23 |       |SMR     MR|mmolO//s        |O2 tendency from Adams-Bashforth
   439 |ADVrTr19| 23 |       |WM      LR|mmolO/.m^3/s    |Vertical   Advective Flux of O2
   440 |ADVxTr19| 23 |   441 |UU      MR|mmolO/.m^3/s    |Zonal      Advective Flux of O2
   441 |ADVyTr19| 23 |   440 |VV      MR|mmolO/.m^3/s    |Meridional Advective Flux of O2
   442 |DFrETr19| 23 |       |WM      LR|mmolO/.m^3/s    |Vertical Diffusive Flux of O2 (Explicit part)
   443 |DFxETr19| 23 |   444 |UU      MR|mmolO/.m^3/s    |Zonal      Diffusive Flux of O2
   444 |DFyETr19| 23 |   443 |VV      MR|mmolO/.m^3/s    |Meridional Diffusive Flux of O2
   445 |DFrITr19| 23 |       |WM      LR|mmolO/.m^3/s    |Vertical Diffusive Flux of O2 (Implicit part)
   446 |KPPgTr19| 23 |       |WM      LR|mmolO/.m^3/s    |KPP non-local Flux of O2
   447 |TRAC20  | 23 |       |SMR     MR|mmol C/         |Diatom01 concentration
   448 |UTRAC20 | 23 |   449 |UUr     MR|mmolC/.m/s      |Zonal Mass-Weighted Transp of c01
   449 |VTRAC20 | 23 |   448 |VVr     MR|mmolC/.m/s      |Merid Mass-Weighted Transp of c01
   450 |WTRAC20 | 23 |       |WM      MR|mmolC/.m/s      |Vert  Mass-Weighted Transp of c01
   451 |ForcTr20| 23 |       |SMR     MR|mmolC//s        |c01 forcing tendency
   452 |AB_gTr20| 23 |       |SMR     MR|mmolC//s        |c01 tendency from Adams-Bashforth
   453 |ADVrTr20| 23 |       |WM      LR|mmolC/.m^3/s    |Vertical   Advective Flux of c01
   454 |ADVxTr20| 23 |   455 |UU      MR|mmolC/.m^3/s    |Zonal      Advective Flux of c01
   455 |ADVyTr20| 23 |   454 |VV      MR|mmolC/.m^3/s    |Meridional Advective Flux of c01
   456 |DFrETr20| 23 |       |WM      LR|mmolC/.m^3/s    |Vertical Diffusive Flux of c01 (Explicit part)
   457 |DFxETr20| 23 |   458 |UU      MR|mmolC/.m^3/s    |Zonal      Diffusive Flux of c01
   458 |DFyETr20| 23 |   457 |VV      MR|mmolC/.m^3/s    |Meridional Diffusive Flux of c01
   459 |DFrITr20| 23 |       |WM      LR|mmolC/.m^3/s    |Vertical Diffusive Flux of c01 (Implicit part)
   460 |KPPgTr20| 23 |       |WM      LR|mmolC/.m^3/s    |KPP non-local Flux of c01
   461 |TRAC21  | 23 |       |SMR     MR|mmol C/         |Euk01 concentration
   462 |UTRAC21 | 23 |   463 |UUr     MR|mmolC/.m/s      |Zonal Mass-Weighted Transp of c02
   463 |VTRAC21 | 23 |   462 |VVr     MR|mmolC/.m/s      |Merid Mass-Weighted Transp of c02
   464 |WTRAC21 | 23 |       |WM      MR|mmolC/.m/s      |Vert  Mass-Weighted Transp of c02
   465 |ForcTr21| 23 |       |SMR     MR|mmolC//s        |c02 forcing tendency
   466 |AB_gTr21| 23 |       |SMR     MR|mmolC//s        |c02 tendency from Adams-Bashforth
   467 |ADVrTr21| 23 |       |WM      LR|mmolC/.m^3/s    |Vertical   Advective Flux of c02
   468 |ADVxTr21| 23 |   469 |UU      MR|mmolC/.m^3/s    |Zonal      Advective Flux of c02
   469 |ADVyTr21| 23 |   468 |VV      MR|mmolC/.m^3/s    |Meridional Advective Flux of c02
   470 |DFrETr21| 23 |       |WM      LR|mmolC/.m^3/s    |Vertical Diffusive Flux of c02 (Explicit part)
   471 |DFxETr21| 23 |   472 |UU      MR|mmolC/.m^3/s    |Zonal      Diffusive Flux of c02
   472 |DFyETr21| 23 |   471 |VV      MR|mmolC/.m^3/s    |Meridional Diffusive Flux of c02
   473 |DFrITr21| 23 |       |WM      LR|mmolC/.m^3/s    |Vertical Diffusive Flux of c02 (Implicit part)
   474 |KPPgTr21| 23 |       |WM      LR|mmolC/.m^3/s    |KPP non-local Flux of c02
   475 |TRAC22  | 23 |       |SMR     MR|mmol C/         |Syn01 concentration
   476 |UTRAC22 | 23 |   477 |UUr     MR|mmolC/.m/s      |Zonal Mass-Weighted Transp of c03
   477 |VTRAC22 | 23 |   476 |VVr     MR|mmolC/.m/s      |Merid Mass-Weighted Transp of c03
   478 |WTRAC22 | 23 |       |WM      MR|mmolC/.m/s      |Vert  Mass-Weighted Transp of c03
   479 |ForcTr22| 23 |       |SMR     MR|mmolC//s        |c03 forcing tendency
   480 |AB_gTr22| 23 |       |SMR     MR|mmolC//s        |c03 tendency from Adams-Bashforth
   481 |ADVrTr22| 23 |       |WM      LR|mmolC/.m^3/s    |Vertical   Advective Flux of c03
   482 |ADVxTr22| 23 |   483 |UU      MR|mmolC/.m^3/s    |Zonal      Advective Flux of c03
   483 |ADVyTr22| 23 |   482 |VV      MR|mmolC/.m^3/s    |Meridional Advective Flux of c03
   484 |DFrETr22| 23 |       |WM      LR|mmolC/.m^3/s    |Vertical Diffusive Flux of c03 (Explicit part)
   485 |DFxETr22| 23 |   486 |UU      MR|mmolC/.m^3/s    |Zonal      Diffusive Flux of c03
   486 |DFyETr22| 23 |   485 |VV      MR|mmolC/.m^3/s    |Meridional Diffusive Flux of c03
   487 |DFrITr22| 23 |       |WM      LR|mmolC/.m^3/s    |Vertical Diffusive Flux of c03 (Implicit part)
   488 |KPPgTr22| 23 |       |WM      LR|mmolC/.m^3/s    |KPP non-local Flux of c03
   489 |TRAC23  | 23 |       |SMR     MR|mmol C/         |Pro01 concentration
   490 |UTRAC23 | 23 |   491 |UUr     MR|mmolC/.m/s      |Zonal Mass-Weighted Transp of c04
   491 |VTRAC23 | 23 |   490 |VVr     MR|mmolC/.m/s      |Merid Mass-Weighted Transp of c04
   492 |WTRAC23 | 23 |       |WM      MR|mmolC/.m/s      |Vert  Mass-Weighted Transp of c04
   493 |ForcTr23| 23 |       |SMR     MR|mmolC//s        |c04 forcing tendency
   494 |AB_gTr23| 23 |       |SMR     MR|mmolC//s        |c04 tendency from Adams-Bashforth
   495 |ADVrTr23| 23 |       |WM      LR|mmolC/.m^3/s    |Vertical   Advective Flux of c04
   496 |ADVxTr23| 23 |   497 |UU      MR|mmolC/.m^3/s    |Zonal      Advective Flux of c04
   497 |ADVyTr23| 23 |   496 |VV      MR|mmolC/.m^3/s    |Meridional Advective Flux of c04
   498 |DFrETr23| 23 |       |WM      LR|mmolC/.m^3/s    |Vertical Diffusive Flux of c04 (Explicit part)
   499 |DFxETr23| 23 |   500 |UU      MR|mmolC/.m^3/s    |Zonal      Diffusive Flux of c04
------------------------------------------------------------------------------------
  Num  |<-Name->|Levs|  mate |<- code ->|<--  Units   -->|<- Tile (max=80c)         
------------------------------------------------------------------------------------
   500 |DFyETr23| 23 |   499 |VV      MR|mmolC/.m^3/s    |Meridional Diffusive Flux of c04
   501 |DFrITr23| 23 |       |WM      LR|mmolC/.m^3/s    |Vertical Diffusive Flux of c04 (Implicit part)
   502 |KPPgTr23| 23 |       |WM      LR|mmolC/.m^3/s    |KPP non-local Flux of c04
   503 |TRAC24  | 23 |       |SMR     MR|mmol C/         |Tricho01 concentration
   504 |UTRAC24 | 23 |   505 |UUr     MR|mmolC/.m/s      |Zonal Mass-Weighted Transp of c05
   505 |VTRAC24 | 23 |   504 |VVr     MR|mmolC/.m/s      |Merid Mass-Weighted Transp of c05
   506 |WTRAC24 | 23 |       |WM      MR|mmolC/.m/s      |Vert  Mass-Weighted Transp of c05
   507 |ForcTr24| 23 |       |SMR     MR|mmolC//s        |c05 forcing tendency
   508 |AB_gTr24| 23 |       |SMR     MR|mmolC//s        |c05 tendency from Adams-Bashforth
   509 |ADVrTr24| 23 |       |WM      LR|mmolC/.m^3/s    |Vertical   Advective Flux of c05
   510 |ADVxTr24| 23 |   511 |UU      MR|mmolC/.m^3/s    |Zonal      Advective Flux of c05
   511 |ADVyTr24| 23 |   510 |VV      MR|mmolC/.m^3/s    |Meridional Advective Flux of c05
   512 |DFrETr24| 23 |       |WM      LR|mmolC/.m^3/s    |Vertical Diffusive Flux of c05 (Explicit part)
   513 |DFxETr24| 23 |   514 |UU      MR|mmolC/.m^3/s    |Zonal      Diffusive Flux of c05
   514 |DFyETr24| 23 |   513 |VV      MR|mmolC/.m^3/s    |Meridional Diffusive Flux of c05
   515 |DFrITr24| 23 |       |WM      LR|mmolC/.m^3/s    |Vertical Diffusive Flux of c05 (Implicit part)
   516 |KPPgTr24| 23 |       |WM      LR|mmolC/.m^3/s    |KPP non-local Flux of c05
   517 |TRAC25  | 23 |       |SMR     MR|mmol C/         |Cocco01 concentration
   518 |UTRAC25 | 23 |   519 |UUr     MR|mmolC/.m/s      |Zonal Mass-Weighted Transp of c06
   519 |VTRAC25 | 23 |   518 |VVr     MR|mmolC/.m/s      |Merid Mass-Weighted Transp of c06
   520 |WTRAC25 | 23 |       |WM      MR|mmolC/.m/s      |Vert  Mass-Weighted Transp of c06
   521 |ForcTr25| 23 |       |SMR     MR|mmolC//s        |c06 forcing tendency
   522 |AB_gTr25| 23 |       |SMR     MR|mmolC//s        |c06 tendency from Adams-Bashforth
   523 |ADVrTr25| 23 |       |WM      LR|mmolC/.m^3/s    |Vertical   Advective Flux of c06
   524 |ADVxTr25| 23 |   525 |UU      MR|mmolC/.m^3/s    |Zonal      Advective Flux of c06
   525 |ADVyTr25| 23 |   524 |VV      MR|mmolC/.m^3/s    |Meridional Advective Flux of c06
   526 |DFrETr25| 23 |       |WM      LR|mmolC/.m^3/s    |Vertical Diffusive Flux of c06 (Explicit part)
   527 |DFxETr25| 23 |   528 |UU      MR|mmolC/.m^3/s    |Zonal      Diffusive Flux of c06
   528 |DFyETr25| 23 |   527 |VV      MR|mmolC/.m^3/s    |Meridional Diffusive Flux of c06
   529 |DFrITr25| 23 |       |WM      LR|mmolC/.m^3/s    |Vertical Diffusive Flux of c06 (Implicit part)
   530 |KPPgTr25| 23 |       |WM      LR|mmolC/.m^3/s    |KPP non-local Flux of c06
   531 |TRAC26  | 23 |       |SMR     MR|mmol C/         |BactAerHetPOMandDOM concentration
   532 |UTRAC26 | 23 |   533 |UUr     MR|mmolC/.m/s      |Zonal Mass-Weighted Transp of c07
   533 |VTRAC26 | 23 |   532 |VVr     MR|mmolC/.m/s      |Merid Mass-Weighted Transp of c07
   534 |WTRAC26 | 23 |       |WM      MR|mmolC/.m/s      |Vert  Mass-Weighted Transp of c07
   535 |ForcTr26| 23 |       |SMR     MR|mmolC//s        |c07 forcing tendency
   536 |AB_gTr26| 23 |       |SMR     MR|mmolC//s        |c07 tendency from Adams-Bashforth
   537 |ADVrTr26| 23 |       |WM      LR|mmolC/.m^3/s    |Vertical   Advective Flux of c07
   538 |ADVxTr26| 23 |   539 |UU      MR|mmolC/.m^3/s    |Zonal      Advective Flux of c07
   539 |ADVyTr26| 23 |   538 |VV      MR|mmolC/.m^3/s    |Meridional Advective Flux of c07
   540 |DFrETr26| 23 |       |WM      LR|mmolC/.m^3/s    |Vertical Diffusive Flux of c07 (Explicit part)
   541 |DFxETr26| 23 |   542 |UU      MR|mmolC/.m^3/s    |Zonal      Diffusive Flux of c07
   542 |DFyETr26| 23 |   541 |VV      MR|mmolC/.m^3/s    |Meridional Diffusive Flux of c07
   543 |DFrITr26| 23 |       |WM      LR|mmolC/.m^3/s    |Vertical Diffusive Flux of c07 (Implicit part)
   544 |KPPgTr26| 23 |       |WM      LR|mmolC/.m^3/s    |KPP non-local Flux of c07
   545 |TRAC27  | 23 |       |SMR     MR|mmol C/         |BactNitrRedHet concentration
   546 |UTRAC27 | 23 |   547 |UUr     MR|mmolC/.m/s      |Zonal Mass-Weighted Transp of c08
   547 |VTRAC27 | 23 |   546 |VVr     MR|mmolC/.m/s      |Merid Mass-Weighted Transp of c08
   548 |WTRAC27 | 23 |       |WM      MR|mmolC/.m/s      |Vert  Mass-Weighted Transp of c08
   549 |ForcTr27| 23 |       |SMR     MR|mmolC//s        |c08 forcing tendency
   550 |AB_gTr27| 23 |       |SMR     MR|mmolC//s        |c08 tendency from Adams-Bashforth
   551 |ADVrTr27| 23 |       |WM      LR|mmolC/.m^3/s    |Vertical   Advective Flux of c08
   552 |ADVxTr27| 23 |   553 |UU      MR|mmolC/.m^3/s    |Zonal      Advective Flux of c08
   553 |ADVyTr27| 23 |   552 |VV      MR|mmolC/.m^3/s    |Meridional Advective Flux of c08
   554 |DFrETr27| 23 |       |WM      LR|mmolC/.m^3/s    |Vertical Diffusive Flux of c08 (Explicit part)
   555 |DFxETr27| 23 |   556 |UU      MR|mmolC/.m^3/s    |Zonal      Diffusive Flux of c08
   556 |DFyETr27| 23 |   555 |VV      MR|mmolC/.m^3/s    |Meridional Diffusive Flux of c08
   557 |DFrITr27| 23 |       |WM      LR|mmolC/.m^3/s    |Vertical Diffusive Flux of c08 (Implicit part)
   558 |KPPgTr27| 23 |       |WM      LR|mmolC/.m^3/s    |KPP non-local Flux of c08
   559 |TRAC28  | 23 |       |SMR     MR|mmol C/         |BactDenitrHet concentration
   560 |UTRAC28 | 23 |   561 |UUr     MR|mmolC/.m/s      |Zonal Mass-Weighted Transp of c09
   561 |VTRAC28 | 23 |   560 |VVr     MR|mmolC/.m/s      |Merid Mass-Weighted Transp of c09
   562 |WTRAC28 | 23 |       |WM      MR|mmolC/.m/s      |Vert  Mass-Weighted Transp of c09
   563 |ForcTr28| 23 |       |SMR     MR|mmolC//s        |c09 forcing tendency
   564 |AB_gTr28| 23 |       |SMR     MR|mmolC//s        |c09 tendency from Adams-Bashforth
   565 |ADVrTr28| 23 |       |WM      LR|mmolC/.m^3/s    |Vertical   Advective Flux of c09
   566 |ADVxTr28| 23 |   567 |UU      MR|mmolC/.m^3/s    |Zonal      Advective Flux of c09
   567 |ADVyTr28| 23 |   566 |VV      MR|mmolC/.m^3/s    |Meridional Advective Flux of c09
   568 |DFrETr28| 23 |       |WM      LR|mmolC/.m^3/s    |Vertical Diffusive Flux of c09 (Explicit part)
   569 |DFxETr28| 23 |   570 |UU      MR|mmolC/.m^3/s    |Zonal      Diffusive Flux of c09
   570 |DFyETr28| 23 |   569 |VV      MR|mmolC/.m^3/s    |Meridional Diffusive Flux of c09
   571 |DFrITr28| 23 |       |WM      LR|mmolC/.m^3/s    |Vertical Diffusive Flux of c09 (Implicit part)
   572 |KPPgTr28| 23 |       |WM      LR|mmolC/.m^3/s    |KPP non-local Flux of c09
   573 |TRAC29  | 23 |       |SMR     MR|mmol C/         |BactAnmx concentration
   574 |UTRAC29 | 23 |   575 |UUr     MR|mmolC/.m/s      |Zonal Mass-Weighted Transp of c10
   575 |VTRAC29 | 23 |   574 |VVr     MR|mmolC/.m/s      |Merid Mass-Weighted Transp of c10
   576 |WTRAC29 | 23 |       |WM      MR|mmolC/.m/s      |Vert  Mass-Weighted Transp of c10
   577 |ForcTr29| 23 |       |SMR     MR|mmolC//s        |c10 forcing tendency
   578 |AB_gTr29| 23 |       |SMR     MR|mmolC//s        |c10 tendency from Adams-Bashforth
   579 |ADVrTr29| 23 |       |WM      LR|mmolC/.m^3/s    |Vertical   Advective Flux of c10
   580 |ADVxTr29| 23 |   581 |UU      MR|mmolC/.m^3/s    |Zonal      Advective Flux of c10
   581 |ADVyTr29| 23 |   580 |VV      MR|mmolC/.m^3/s    |Meridional Advective Flux of c10
   582 |DFrETr29| 23 |       |WM      LR|mmolC/.m^3/s    |Vertical Diffusive Flux of c10 (Explicit part)
   583 |DFxETr29| 23 |   584 |UU      MR|mmolC/.m^3/s    |Zonal      Diffusive Flux of c10
   584 |DFyETr29| 23 |   583 |VV      MR|mmolC/.m^3/s    |Meridional Diffusive Flux of c10
   585 |DFrITr29| 23 |       |WM      LR|mmolC/.m^3/s    |Vertical Diffusive Flux of c10 (Implicit part)
   586 |KPPgTr29| 23 |       |WM      LR|mmolC/.m^3/s    |KPP non-local Flux of c10
   587 |TRAC30  | 23 |       |SMR     MR|mmol C/         |NH4oxidizer concentration
   588 |UTRAC30 | 23 |   589 |UUr     MR|mmolC/.m/s      |Zonal Mass-Weighted Transp of c11
   589 |VTRAC30 | 23 |   588 |VVr     MR|mmolC/.m/s      |Merid Mass-Weighted Transp of c11
   590 |WTRAC30 | 23 |       |WM      MR|mmolC/.m/s      |Vert  Mass-Weighted Transp of c11
   591 |ForcTr30| 23 |       |SMR     MR|mmolC//s        |c11 forcing tendency
   592 |AB_gTr30| 23 |       |SMR     MR|mmolC//s        |c11 tendency from Adams-Bashforth
   593 |ADVrTr30| 23 |       |WM      LR|mmolC/.m^3/s    |Vertical   Advective Flux of c11
   594 |ADVxTr30| 23 |   595 |UU      MR|mmolC/.m^3/s    |Zonal      Advective Flux of c11
   595 |ADVyTr30| 23 |   594 |VV      MR|mmolC/.m^3/s    |Meridional Advective Flux of c11
   596 |DFrETr30| 23 |       |WM      LR|mmolC/.m^3/s    |Vertical Diffusive Flux of c11 (Explicit part)
   597 |DFxETr30| 23 |   598 |UU      MR|mmolC/.m^3/s    |Zonal      Diffusive Flux of c11
   598 |DFyETr30| 23 |   597 |VV      MR|mmolC/.m^3/s    |Meridional Diffusive Flux of c11
   599 |DFrITr30| 23 |       |WM      LR|mmolC/.m^3/s    |Vertical Diffusive Flux of c11 (Implicit part)
------------------------------------------------------------------------------------
  Num  |<-Name->|Levs|  mate |<- code ->|<--  Units   -->|<- Tile (max=80c)         
------------------------------------------------------------------------------------
   600 |KPPgTr30| 23 |       |WM      LR|mmolC/.m^3/s    |KPP non-local Flux of c11
   601 |TRAC31  | 23 |       |SMR     MR|mmol C/         |NO2oxidizer concentration
   602 |UTRAC31 | 23 |   603 |UUr     MR|mmolC/.m/s      |Zonal Mass-Weighted Transp of c12
   603 |VTRAC31 | 23 |   602 |VVr     MR|mmolC/.m/s      |Merid Mass-Weighted Transp of c12
   604 |WTRAC31 | 23 |       |WM      MR|mmolC/.m/s      |Vert  Mass-Weighted Transp of c12
   605 |ForcTr31| 23 |       |SMR     MR|mmolC//s        |c12 forcing tendency
   606 |AB_gTr31| 23 |       |SMR     MR|mmolC//s        |c12 tendency from Adams-Bashforth
   607 |ADVrTr31| 23 |       |WM      LR|mmolC/.m^3/s    |Vertical   Advective Flux of c12
   608 |ADVxTr31| 23 |   609 |UU      MR|mmolC/.m^3/s    |Zonal      Advective Flux of c12
   609 |ADVyTr31| 23 |   608 |VV      MR|mmolC/.m^3/s    |Meridional Advective Flux of c12
   610 |DFrETr31| 23 |       |WM      LR|mmolC/.m^3/s    |Vertical Diffusive Flux of c12 (Explicit part)
   611 |DFxETr31| 23 |   612 |UU      MR|mmolC/.m^3/s    |Zonal      Diffusive Flux of c12
   612 |DFyETr31| 23 |   611 |VV      MR|mmolC/.m^3/s    |Meridional Diffusive Flux of c12
   613 |DFrITr31| 23 |       |WM      LR|mmolC/.m^3/s    |Vertical Diffusive Flux of c12 (Implicit part)
   614 |KPPgTr31| 23 |       |WM      LR|mmolC/.m^3/s    |KPP non-local Flux of c12
   615 |TRAC32  | 23 |       |SMR     MR|mmol C/         |Zoo01 concentration
   616 |UTRAC32 | 23 |   617 |UUr     MR|mmolC/.m/s      |Zonal Mass-Weighted Transp of c13
   617 |VTRAC32 | 23 |   616 |VVr     MR|mmolC/.m/s      |Merid Mass-Weighted Transp of c13
   618 |WTRAC32 | 23 |       |WM      MR|mmolC/.m/s      |Vert  Mass-Weighted Transp of c13
   619 |ForcTr32| 23 |       |SMR     MR|mmolC//s        |c13 forcing tendency
   620 |AB_gTr32| 23 |       |SMR     MR|mmolC//s        |c13 tendency from Adams-Bashforth
   621 |ADVrTr32| 23 |       |WM      LR|mmolC/.m^3/s    |Vertical   Advective Flux of c13
   622 |ADVxTr32| 23 |   623 |UU      MR|mmolC/.m^3/s    |Zonal      Advective Flux of c13
   623 |ADVyTr32| 23 |   622 |VV      MR|mmolC/.m^3/s    |Meridional Advective Flux of c13
   624 |DFrETr32| 23 |       |WM      LR|mmolC/.m^3/s    |Vertical Diffusive Flux of c13 (Explicit part)
   625 |DFxETr32| 23 |   626 |UU      MR|mmolC/.m^3/s    |Zonal      Diffusive Flux of c13
   626 |DFyETr32| 23 |   625 |VV      MR|mmolC/.m^3/s    |Meridional Diffusive Flux of c13
   627 |DFrITr32| 23 |       |WM      LR|mmolC/.m^3/s    |Vertical Diffusive Flux of c13 (Implicit part)
   628 |KPPgTr32| 23 |       |WM      LR|mmolC/.m^3/s    |KPP non-local Flux of c13
   629 |TRAC33  | 23 |       |SMR     MR|mmol C/         |Zoo02 concentration
   630 |UTRAC33 | 23 |   631 |UUr     MR|mmolC/.m/s      |Zonal Mass-Weighted Transp of c14
   631 |VTRAC33 | 23 |   630 |VVr     MR|mmolC/.m/s      |Merid Mass-Weighted Transp of c14
   632 |WTRAC33 | 23 |       |WM      MR|mmolC/.m/s      |Vert  Mass-Weighted Transp of c14
   633 |ForcTr33| 23 |       |SMR     MR|mmolC//s        |c14 forcing tendency
   634 |AB_gTr33| 23 |       |SMR     MR|mmolC//s        |c14 tendency from Adams-Bashforth
   635 |ADVrTr33| 23 |       |WM      LR|mmolC/.m^3/s    |Vertical   Advective Flux of c14
   636 |ADVxTr33| 23 |   637 |UU      MR|mmolC/.m^3/s    |Zonal      Advective Flux of c14
   637 |ADVyTr33| 23 |   636 |VV      MR|mmolC/.m^3/s    |Meridional Advective Flux of c14
   638 |DFrETr33| 23 |       |WM      LR|mmolC/.m^3/s    |Vertical Diffusive Flux of c14 (Explicit part)
   639 |DFxETr33| 23 |   640 |UU      MR|mmolC/.m^3/s    |Zonal      Diffusive Flux of c14
   640 |DFyETr33| 23 |   639 |VV      MR|mmolC/.m^3/s    |Meridional Diffusive Flux of c14
   641 |DFrITr33| 23 |       |WM      LR|mmolC/.m^3/s    |Vertical Diffusive Flux of c14 (Implicit part)
   642 |KPPgTr33| 23 |       |WM      LR|mmolC/.m^3/s    |KPP non-local Flux of c14
   643 |TRAC34  | 23 |       |SMR     MR|mmol C/         |Zoo03 concentration
   644 |UTRAC34 | 23 |   645 |UUr     MR|mmolC/.m/s      |Zonal Mass-Weighted Transp of c15
   645 |VTRAC34 | 23 |   644 |VVr     MR|mmolC/.m/s      |Merid Mass-Weighted Transp of c15
   646 |WTRAC34 | 23 |       |WM      MR|mmolC/.m/s      |Vert  Mass-Weighted Transp of c15
   647 |ForcTr34| 23 |       |SMR     MR|mmolC//s        |c15 forcing tendency
   648 |AB_gTr34| 23 |       |SMR     MR|mmolC//s        |c15 tendency from Adams-Bashforth
   649 |ADVrTr34| 23 |       |WM      LR|mmolC/.m^3/s    |Vertical   Advective Flux of c15
   650 |ADVxTr34| 23 |   651 |UU      MR|mmolC/.m^3/s    |Zonal      Advective Flux of c15
   651 |ADVyTr34| 23 |   650 |VV      MR|mmolC/.m^3/s    |Meridional Advective Flux of c15
   652 |DFrETr34| 23 |       |WM      LR|mmolC/.m^3/s    |Vertical Diffusive Flux of c15 (Explicit part)
   653 |DFxETr34| 23 |   654 |UU      MR|mmolC/.m^3/s    |Zonal      Diffusive Flux of c15
   654 |DFyETr34| 23 |   653 |VV      MR|mmolC/.m^3/s    |Meridional Diffusive Flux of c15
   655 |DFrITr34| 23 |       |WM      LR|mmolC/.m^3/s    |Vertical Diffusive Flux of c15 (Implicit part)
   656 |KPPgTr34| 23 |       |WM      LR|mmolC/.m^3/s    |KPP non-local Flux of c15
   657 |TRAC35  | 23 |       |SMR     MR|mmol C/         |Zoo04 concentration
   658 |UTRAC35 | 23 |   659 |UUr     MR|mmolC/.m/s      |Zonal Mass-Weighted Transp of c16
   659 |VTRAC35 | 23 |   658 |VVr     MR|mmolC/.m/s      |Merid Mass-Weighted Transp of c16
   660 |WTRAC35 | 23 |       |WM      MR|mmolC/.m/s      |Vert  Mass-Weighted Transp of c16
   661 |ForcTr35| 23 |       |SMR     MR|mmolC//s        |c16 forcing tendency
   662 |AB_gTr35| 23 |       |SMR     MR|mmolC//s        |c16 tendency from Adams-Bashforth
   663 |ADVrTr35| 23 |       |WM      LR|mmolC/.m^3/s    |Vertical   Advective Flux of c16
   664 |ADVxTr35| 23 |   665 |UU      MR|mmolC/.m^3/s    |Zonal      Advective Flux of c16
   665 |ADVyTr35| 23 |   664 |VV      MR|mmolC/.m^3/s    |Meridional Advective Flux of c16
   666 |DFrETr35| 23 |       |WM      LR|mmolC/.m^3/s    |Vertical Diffusive Flux of c16 (Explicit part)
   667 |DFxETr35| 23 |   668 |UU      MR|mmolC/.m^3/s    |Zonal      Diffusive Flux of c16
   668 |DFyETr35| 23 |   667 |VV      MR|mmolC/.m^3/s    |Meridional Diffusive Flux of c16
   669 |DFrITr35| 23 |       |WM      LR|mmolC/.m^3/s    |Vertical Diffusive Flux of c16 (Implicit part)
   670 |KPPgTr35| 23 |       |WM      LR|mmolC/.m^3/s    |KPP non-local Flux of c16
   671 |TRAC36  | 23 |       |SMR     MR|mg/m^3          |Chl01 concentration
   672 |UTRAC36 | 23 |   673 |UUr     MR|mg/m^3.m/s      |Zonal Mass-Weighted Transp of Chl01
   673 |VTRAC36 | 23 |   672 |VVr     MR|mg/m^3.m/s      |Merid Mass-Weighted Transp of Chl01
   674 |WTRAC36 | 23 |       |WM      MR|mg/m^3.m/s      |Vert  Mass-Weighted Transp of Chl01
   675 |ForcTr36| 23 |       |SMR     MR|mg/m^3/s        |Chl01 forcing tendency
   676 |AB_gTr36| 23 |       |SMR     MR|mg/m^3/s        |Chl01 tendency from Adams-Bashforth
   677 |ADVrTr36| 23 |       |WM      LR|mg/m^3.m^3/s    |Vertical   Advective Flux of Chl01
   678 |ADVxTr36| 23 |   679 |UU      MR|mg/m^3.m^3/s    |Zonal      Advective Flux of Chl01
   679 |ADVyTr36| 23 |   678 |VV      MR|mg/m^3.m^3/s    |Meridional Advective Flux of Chl01
   680 |DFrETr36| 23 |       |WM      LR|mg/m^3.m^3/s    |Vertical Diffusive Flux of Chl01 (Explicit part)
   681 |DFxETr36| 23 |   682 |UU      MR|mg/m^3.m^3/s    |Zonal      Diffusive Flux of Chl01
   682 |DFyETr36| 23 |   681 |VV      MR|mg/m^3.m^3/s    |Meridional Diffusive Flux of Chl01
   683 |DFrITr36| 23 |       |WM      LR|mg/m^3.m^3/s    |Vertical Diffusive Flux of Chl01 (Implicit part)
   684 |KPPgTr36| 23 |       |WM      LR|mg/m^3.m^3/s    |KPP non-local Flux of Chl01
   685 |TRAC37  | 23 |       |SMR     MR|mg/m^3          |Chl02 concentration
   686 |UTRAC37 | 23 |   687 |UUr     MR|mg/m^3.m/s      |Zonal Mass-Weighted Transp of Chl02
   687 |VTRAC37 | 23 |   686 |VVr     MR|mg/m^3.m/s      |Merid Mass-Weighted Transp of Chl02
   688 |WTRAC37 | 23 |       |WM      MR|mg/m^3.m/s      |Vert  Mass-Weighted Transp of Chl02
   689 |ForcTr37| 23 |       |SMR     MR|mg/m^3/s        |Chl02 forcing tendency
   690 |AB_gTr37| 23 |       |SMR     MR|mg/m^3/s        |Chl02 tendency from Adams-Bashforth
   691 |ADVrTr37| 23 |       |WM      LR|mg/m^3.m^3/s    |Vertical   Advective Flux of Chl02
   692 |ADVxTr37| 23 |   693 |UU      MR|mg/m^3.m^3/s    |Zonal      Advective Flux of Chl02
   693 |ADVyTr37| 23 |   692 |VV      MR|mg/m^3.m^3/s    |Meridional Advective Flux of Chl02
   694 |DFrETr37| 23 |       |WM      LR|mg/m^3.m^3/s    |Vertical Diffusive Flux of Chl02 (Explicit part)
   695 |DFxETr37| 23 |   696 |UU      MR|mg/m^3.m^3/s    |Zonal      Diffusive Flux of Chl02
   696 |DFyETr37| 23 |   695 |VV      MR|mg/m^3.m^3/s    |Meridional Diffusive Flux of Chl02
   697 |DFrITr37| 23 |       |WM      LR|mg/m^3.m^3/s    |Vertical Diffusive Flux of Chl02 (Implicit part)
   698 |KPPgTr37| 23 |       |WM      LR|mg/m^3.m^3/s    |KPP non-local Flux of Chl02
   699 |TRAC38  | 23 |       |SMR     MR|mg/m^3          |Chl03 concentration
------------------------------------------------------------------------------------
  Num  |<-Name->|Levs|  mate |<- code ->|<--  Units   -->|<- Tile (max=80c)         
------------------------------------------------------------------------------------
   700 |UTRAC38 | 23 |   701 |UUr     MR|mg/m^3.m/s      |Zonal Mass-Weighted Transp of Chl03
   701 |VTRAC38 | 23 |   700 |VVr     MR|mg/m^3.m/s      |Merid Mass-Weighted Transp of Chl03
   702 |WTRAC38 | 23 |       |WM      MR|mg/m^3.m/s      |Vert  Mass-Weighted Transp of Chl03
   703 |ForcTr38| 23 |       |SMR     MR|mg/m^3/s        |Chl03 forcing tendency
   704 |AB_gTr38| 23 |       |SMR     MR|mg/m^3/s        |Chl03 tendency from Adams-Bashforth
   705 |ADVrTr38| 23 |       |WM      LR|mg/m^3.m^3/s    |Vertical   Advective Flux of Chl03
   706 |ADVxTr38| 23 |   707 |UU      MR|mg/m^3.m^3/s    |Zonal      Advective Flux of Chl03
   707 |ADVyTr38| 23 |   706 |VV      MR|mg/m^3.m^3/s    |Meridional Advective Flux of Chl03
   708 |DFrETr38| 23 |       |WM      LR|mg/m^3.m^3/s    |Vertical Diffusive Flux of Chl03 (Explicit part)
   709 |DFxETr38| 23 |   710 |UU      MR|mg/m^3.m^3/s    |Zonal      Diffusive Flux of Chl03
   710 |DFyETr38| 23 |   709 |VV      MR|mg/m^3.m^3/s    |Meridional Diffusive Flux of Chl03
   711 |DFrITr38| 23 |       |WM      LR|mg/m^3.m^3/s    |Vertical Diffusive Flux of Chl03 (Implicit part)
   712 |KPPgTr38| 23 |       |WM      LR|mg/m^3.m^3/s    |KPP non-local Flux of Chl03
   713 |TRAC39  | 23 |       |SMR     MR|mg/m^3          |Chl04 concentration
   714 |UTRAC39 | 23 |   715 |UUr     MR|mg/m^3.m/s      |Zonal Mass-Weighted Transp of Chl04
   715 |VTRAC39 | 23 |   714 |VVr     MR|mg/m^3.m/s      |Merid Mass-Weighted Transp of Chl04
   716 |WTRAC39 | 23 |       |WM      MR|mg/m^3.m/s      |Vert  Mass-Weighted Transp of Chl04
   717 |ForcTr39| 23 |       |SMR     MR|mg/m^3/s        |Chl04 forcing tendency
   718 |AB_gTr39| 23 |       |SMR     MR|mg/m^3/s        |Chl04 tendency from Adams-Bashforth
   719 |ADVrTr39| 23 |       |WM      LR|mg/m^3.m^3/s    |Vertical   Advective Flux of Chl04
   720 |ADVxTr39| 23 |   721 |UU      MR|mg/m^3.m^3/s    |Zonal      Advective Flux of Chl04
   721 |ADVyTr39| 23 |   720 |VV      MR|mg/m^3.m^3/s    |Meridional Advective Flux of Chl04
   722 |DFrETr39| 23 |       |WM      LR|mg/m^3.m^3/s    |Vertical Diffusive Flux of Chl04 (Explicit part)
   723 |DFxETr39| 23 |   724 |UU      MR|mg/m^3.m^3/s    |Zonal      Diffusive Flux of Chl04
   724 |DFyETr39| 23 |   723 |VV      MR|mg/m^3.m^3/s    |Meridional Diffusive Flux of Chl04
   725 |DFrITr39| 23 |       |WM      LR|mg/m^3.m^3/s    |Vertical Diffusive Flux of Chl04 (Implicit part)
   726 |KPPgTr39| 23 |       |WM      LR|mg/m^3.m^3/s    |KPP non-local Flux of Chl04
   727 |TRAC40  | 23 |       |SMR     MR|mg/m^3          |Chl05 concentration
   728 |UTRAC40 | 23 |   729 |UUr     MR|mg/m^3.m/s      |Zonal Mass-Weighted Transp of Chl05
   729 |VTRAC40 | 23 |   728 |VVr     MR|mg/m^3.m/s      |Merid Mass-Weighted Transp of Chl05
   730 |WTRAC40 | 23 |       |WM      MR|mg/m^3.m/s      |Vert  Mass-Weighted Transp of Chl05
   731 |ForcTr40| 23 |       |SMR     MR|mg/m^3/s        |Chl05 forcing tendency
   732 |AB_gTr40| 23 |       |SMR     MR|mg/m^3/s        |Chl05 tendency from Adams-Bashforth
   733 |ADVrTr40| 23 |       |WM      LR|mg/m^3.m^3/s    |Vertical   Advective Flux of Chl05
   734 |ADVxTr40| 23 |   735 |UU      MR|mg/m^3.m^3/s    |Zonal      Advective Flux of Chl05
   735 |ADVyTr40| 23 |   734 |VV      MR|mg/m^3.m^3/s    |Meridional Advective Flux of Chl05
   736 |DFrETr40| 23 |       |WM      LR|mg/m^3.m^3/s    |Vertical Diffusive Flux of Chl05 (Explicit part)
   737 |DFxETr40| 23 |   738 |UU      MR|mg/m^3.m^3/s    |Zonal      Diffusive Flux of Chl05
   738 |DFyETr40| 23 |   737 |VV      MR|mg/m^3.m^3/s    |Meridional Diffusive Flux of Chl05
   739 |DFrITr40| 23 |       |WM      LR|mg/m^3.m^3/s    |Vertical Diffusive Flux of Chl05 (Implicit part)
   740 |KPPgTr40| 23 |       |WM      LR|mg/m^3.m^3/s    |KPP non-local Flux of Chl05
   741 |TRAC41  | 23 |       |SMR     MR|mg/m^3          |Chl06 concentration
   742 |UTRAC41 | 23 |   743 |UUr     MR|mg/m^3.m/s      |Zonal Mass-Weighted Transp of Chl06
   743 |VTRAC41 | 23 |   742 |VVr     MR|mg/m^3.m/s      |Merid Mass-Weighted Transp of Chl06
   744 |WTRAC41 | 23 |       |WM      MR|mg/m^3.m/s      |Vert  Mass-Weighted Transp of Chl06
   745 |ForcTr41| 23 |       |SMR     MR|mg/m^3/s        |Chl06 forcing tendency
   746 |AB_gTr41| 23 |       |SMR     MR|mg/m^3/s        |Chl06 tendency from Adams-Bashforth
   747 |ADVrTr41| 23 |       |WM      LR|mg/m^3.m^3/s    |Vertical   Advective Flux of Chl06
   748 |ADVxTr41| 23 |   749 |UU      MR|mg/m^3.m^3/s    |Zonal      Advective Flux of Chl06
   749 |ADVyTr41| 23 |   748 |VV      MR|mg/m^3.m^3/s    |Meridional Advective Flux of Chl06
   750 |DFrETr41| 23 |       |WM      LR|mg/m^3.m^3/s    |Vertical Diffusive Flux of Chl06 (Explicit part)
   751 |DFxETr41| 23 |   752 |UU      MR|mg/m^3.m^3/s    |Zonal      Diffusive Flux of Chl06
   752 |DFyETr41| 23 |   751 |VV      MR|mg/m^3.m^3/s    |Meridional Diffusive Flux of Chl06
   753 |DFrITr41| 23 |       |WM      LR|mg/m^3.m^3/s    |Vertical Diffusive Flux of Chl06 (Implicit part)
   754 |KPPgTr41| 23 |       |WM      LR|mg/m^3.m^3/s    |KPP non-local Flux of Chl06
   755 |TRAC42  | 23 |       |SMR     MR|mg/m^3          |Chl07 concentration
   756 |UTRAC42 | 23 |   757 |UUr     MR|mg/m^3.m/s      |Zonal Mass-Weighted Transp of Chl07
   757 |VTRAC42 | 23 |   756 |VVr     MR|mg/m^3.m/s      |Merid Mass-Weighted Transp of Chl07
   758 |WTRAC42 | 23 |       |WM      MR|mg/m^3.m/s      |Vert  Mass-Weighted Transp of Chl07
   759 |ForcTr42| 23 |       |SMR     MR|mg/m^3/s        |Chl07 forcing tendency
   760 |AB_gTr42| 23 |       |SMR     MR|mg/m^3/s        |Chl07 tendency from Adams-Bashforth
   761 |ADVrTr42| 23 |       |WM      LR|mg/m^3.m^3/s    |Vertical   Advective Flux of Chl07
   762 |ADVxTr42| 23 |   763 |UU      MR|mg/m^3.m^3/s    |Zonal      Advective Flux of Chl07
   763 |ADVyTr42| 23 |   762 |VV      MR|mg/m^3.m^3/s    |Meridional Advective Flux of Chl07
   764 |DFrETr42| 23 |       |WM      LR|mg/m^3.m^3/s    |Vertical Diffusive Flux of Chl07 (Explicit part)
   765 |DFxETr42| 23 |   766 |UU      MR|mg/m^3.m^3/s    |Zonal      Diffusive Flux of Chl07
   766 |DFyETr42| 23 |   765 |VV      MR|mg/m^3.m^3/s    |Meridional Diffusive Flux of Chl07
   767 |DFrITr42| 23 |       |WM      LR|mg/m^3.m^3/s    |Vertical Diffusive Flux of Chl07 (Implicit part)
   768 |KPPgTr42| 23 |       |WM      LR|mg/m^3.m^3/s    |KPP non-local Flux of Chl07
   769 |TRAC43  | 23 |       |SMR     MR|mg/m^3          |Chl08 concentration
   770 |UTRAC43 | 23 |   771 |UUr     MR|mg/m^3.m/s      |Zonal Mass-Weighted Transp of Chl08
   771 |VTRAC43 | 23 |   770 |VVr     MR|mg/m^3.m/s      |Merid Mass-Weighted Transp of Chl08
   772 |WTRAC43 | 23 |       |WM      MR|mg/m^3.m/s      |Vert  Mass-Weighted Transp of Chl08
   773 |ForcTr43| 23 |       |SMR     MR|mg/m^3/s        |Chl08 forcing tendency
   774 |AB_gTr43| 23 |       |SMR     MR|mg/m^3/s        |Chl08 tendency from Adams-Bashforth
   775 |ADVrTr43| 23 |       |WM      LR|mg/m^3.m^3/s    |Vertical   Advective Flux of Chl08
   776 |ADVxTr43| 23 |   777 |UU      MR|mg/m^3.m^3/s    |Zonal      Advective Flux of Chl08
   777 |ADVyTr43| 23 |   776 |VV      MR|mg/m^3.m^3/s    |Meridional Advective Flux of Chl08
   778 |DFrETr43| 23 |       |WM      LR|mg/m^3.m^3/s    |Vertical Diffusive Flux of Chl08 (Explicit part)
   779 |DFxETr43| 23 |   780 |UU      MR|mg/m^3.m^3/s    |Zonal      Diffusive Flux of Chl08
   780 |DFyETr43| 23 |   779 |VV      MR|mg/m^3.m^3/s    |Meridional Diffusive Flux of Chl08
   781 |DFrITr43| 23 |       |WM      LR|mg/m^3.m^3/s    |Vertical Diffusive Flux of Chl08 (Implicit part)
   782 |KPPgTr43| 23 |       |WM      LR|mg/m^3.m^3/s    |KPP non-local Flux of Chl08
   783 |TRAC44  | 23 |       |SMR     MR|mg/m^3          |Chl09 concentration
   784 |UTRAC44 | 23 |   785 |UUr     MR|mg/m^3.m/s      |Zonal Mass-Weighted Transp of Chl09
   785 |VTRAC44 | 23 |   784 |VVr     MR|mg/m^3.m/s      |Merid Mass-Weighted Transp of Chl09
   786 |WTRAC44 | 23 |       |WM      MR|mg/m^3.m/s      |Vert  Mass-Weighted Transp of Chl09
   787 |ForcTr44| 23 |       |SMR     MR|mg/m^3/s        |Chl09 forcing tendency
   788 |AB_gTr44| 23 |       |SMR     MR|mg/m^3/s        |Chl09 tendency from Adams-Bashforth
   789 |ADVrTr44| 23 |       |WM      LR|mg/m^3.m^3/s    |Vertical   Advective Flux of Chl09
   790 |ADVxTr44| 23 |   791 |UU      MR|mg/m^3.m^3/s    |Zonal      Advective Flux of Chl09
   791 |ADVyTr44| 23 |   790 |VV      MR|mg/m^3.m^3/s    |Meridional Advective Flux of Chl09
   792 |DFrETr44| 23 |       |WM      LR|mg/m^3.m^3/s    |Vertical Diffusive Flux of Chl09 (Explicit part)
   793 |DFxETr44| 23 |   794 |UU      MR|mg/m^3.m^3/s    |Zonal      Diffusive Flux of Chl09
   794 |DFyETr44| 23 |   793 |VV      MR|mg/m^3.m^3/s    |Meridional Diffusive Flux of Chl09
   795 |DFrITr44| 23 |       |WM      LR|mg/m^3.m^3/s    |Vertical Diffusive Flux of Chl09 (Implicit part)
   796 |KPPgTr44| 23 |       |WM      LR|mg/m^3.m^3/s    |KPP non-local Flux of Chl09
   797 |TRAC45  | 23 |       |SMR     MR|mg/m^3          |Chl10 concentration
   798 |UTRAC45 | 23 |   799 |UUr     MR|mg/m^3.m/s      |Zonal Mass-Weighted Transp of Chl10
   799 |VTRAC45 | 23 |   798 |VVr     MR|mg/m^3.m/s      |Merid Mass-Weighted Transp of Chl10
------------------------------------------------------------------------------------
  Num  |<-Name->|Levs|  mate |<- code ->|<--  Units   -->|<- Tile (max=80c)         
------------------------------------------------------------------------------------
   800 |WTRAC45 | 23 |       |WM      MR|mg/m^3.m/s      |Vert  Mass-Weighted Transp of Chl10
   801 |ForcTr45| 23 |       |SMR     MR|mg/m^3/s        |Chl10 forcing tendency
   802 |AB_gTr45| 23 |       |SMR     MR|mg/m^3/s        |Chl10 tendency from Adams-Bashforth
   803 |ADVrTr45| 23 |       |WM      LR|mg/m^3.m^3/s    |Vertical   Advective Flux of Chl10
   804 |ADVxTr45| 23 |   805 |UU      MR|mg/m^3.m^3/s    |Zonal      Advective Flux of Chl10
   805 |ADVyTr45| 23 |   804 |VV      MR|mg/m^3.m^3/s    |Meridional Advective Flux of Chl10
   806 |DFrETr45| 23 |       |WM      LR|mg/m^3.m^3/s    |Vertical Diffusive Flux of Chl10 (Explicit part)
   807 |DFxETr45| 23 |   808 |UU      MR|mg/m^3.m^3/s    |Zonal      Diffusive Flux of Chl10
   808 |DFyETr45| 23 |   807 |VV      MR|mg/m^3.m^3/s    |Meridional Diffusive Flux of Chl10
   809 |DFrITr45| 23 |       |WM      LR|mg/m^3.m^3/s    |Vertical Diffusive Flux of Chl10 (Implicit part)
   810 |KPPgTr45| 23 |       |WM      LR|mg/m^3.m^3/s    |KPP non-local Flux of Chl10
   811 |TRAC46  | 23 |       |SMR     MR|mg/m^3          |Chl11 concentration
   812 |UTRAC46 | 23 |   813 |UUr     MR|mg/m^3.m/s      |Zonal Mass-Weighted Transp of Chl11
   813 |VTRAC46 | 23 |   812 |VVr     MR|mg/m^3.m/s      |Merid Mass-Weighted Transp of Chl11
   814 |WTRAC46 | 23 |       |WM      MR|mg/m^3.m/s      |Vert  Mass-Weighted Transp of Chl11
   815 |ForcTr46| 23 |       |SMR     MR|mg/m^3/s        |Chl11 forcing tendency
   816 |AB_gTr46| 23 |       |SMR     MR|mg/m^3/s        |Chl11 tendency from Adams-Bashforth
   817 |ADVrTr46| 23 |       |WM      LR|mg/m^3.m^3/s    |Vertical   Advective Flux of Chl11
   818 |ADVxTr46| 23 |   819 |UU      MR|mg/m^3.m^3/s    |Zonal      Advective Flux of Chl11
   819 |ADVyTr46| 23 |   818 |VV      MR|mg/m^3.m^3/s    |Meridional Advective Flux of Chl11
   820 |DFrETr46| 23 |       |WM      LR|mg/m^3.m^3/s    |Vertical Diffusive Flux of Chl11 (Explicit part)
   821 |DFxETr46| 23 |   822 |UU      MR|mg/m^3.m^3/s    |Zonal      Diffusive Flux of Chl11
   822 |DFyETr46| 23 |   821 |VV      MR|mg/m^3.m^3/s    |Meridional Diffusive Flux of Chl11
   823 |DFrITr46| 23 |       |WM      LR|mg/m^3.m^3/s    |Vertical Diffusive Flux of Chl11 (Implicit part)
   824 |KPPgTr46| 23 |       |WM      LR|mg/m^3.m^3/s    |KPP non-local Flux of Chl11
   825 |TRAC47  | 23 |       |SMR     MR|mg/m^3          |Chl12 concentration
   826 |UTRAC47 | 23 |   827 |UUr     MR|mg/m^3.m/s      |Zonal Mass-Weighted Transp of Chl12
   827 |VTRAC47 | 23 |   826 |VVr     MR|mg/m^3.m/s      |Merid Mass-Weighted Transp of Chl12
   828 |WTRAC47 | 23 |       |WM      MR|mg/m^3.m/s      |Vert  Mass-Weighted Transp of Chl12
   829 |ForcTr47| 23 |       |SMR     MR|mg/m^3/s        |Chl12 forcing tendency
   830 |AB_gTr47| 23 |       |SMR     MR|mg/m^3/s        |Chl12 tendency from Adams-Bashforth
   831 |ADVrTr47| 23 |       |WM      LR|mg/m^3.m^3/s    |Vertical   Advective Flux of Chl12
   832 |ADVxTr47| 23 |   833 |UU      MR|mg/m^3.m^3/s    |Zonal      Advective Flux of Chl12
   833 |ADVyTr47| 23 |   832 |VV      MR|mg/m^3.m^3/s    |Meridional Advective Flux of Chl12
   834 |DFrETr47| 23 |       |WM      LR|mg/m^3.m^3/s    |Vertical Diffusive Flux of Chl12 (Explicit part)
   835 |DFxETr47| 23 |   836 |UU      MR|mg/m^3.m^3/s    |Zonal      Diffusive Flux of Chl12
   836 |DFyETr47| 23 |   835 |VV      MR|mg/m^3.m^3/s    |Meridional Diffusive Flux of Chl12
   837 |DFrITr47| 23 |       |WM      LR|mg/m^3.m^3/s    |Vertical Diffusive Flux of Chl12 (Implicit part)
   838 |KPPgTr47| 23 |       |WM      LR|mg/m^3.m^3/s    |KPP non-local Flux of Chl12
   839 |Add2EmP |  1 |       |SM      U1|kg/m^2/s        |additional EmP from salt relaxation
   840 |PP      | 23 |       |SM P    MR|mmol C/m^3/s    |Primary Production
   841 |Nfix    | 23 |       |SM P    MR|mmol N/m^3/s    |N fixation
   842 |Denit   | 23 |       |SM P    MR|mmol N/m^3/s    |Denitrification
   843 |atten   | 23 |       |SM P    MR|1               |attenuation in layer
   844 |exfPAR  | 23 |       |SM P    MR|uEin/m^2/s      |PAR at surface
   845 |surfPAR | 23 |       |SM P    MR|uEin/m^2/s      |PAR at surface
   846 |PARF    | 23 |       |SM P    MR|uEin/m^2/s      |PAR at top of layer
   847 |PAR01   | 23 |       |SM P    MR|uEin/m^2/s      |PAR waveband  1
   848 |PP0001  | 23 |       |SM P    MR|mmol C/m^3/s    |Primary Production plankton    1
   849 |PP0002  | 23 |       |SM P    MR|mmol C/m^3/s    |Primary Production plankton    2
   850 |PP0003  | 23 |       |SM P    MR|mmol C/m^3/s    |Primary Production plankton    3
   851 |PP0004  | 23 |       |SM P    MR|mmol C/m^3/s    |Primary Production plankton    4
   852 |PP0005  | 23 |       |SM P    MR|mmol C/m^3/s    |Primary Production plankton    5
   853 |PP0006  | 23 |       |SM P    MR|mmol C/m^3/s    |Primary Production plankton    6
   854 |PP0007  | 23 |       |SM P    MR|mmol C/m^3/s    |Primary Production plankton    7
   855 |PP0008  | 23 |       |SM P    MR|mmol C/m^3/s    |Primary Production plankton    8
   856 |PP0009  | 23 |       |SM P    MR|mmol C/m^3/s    |Primary Production plankton    9
   857 |PP0010  | 23 |       |SM P    MR|mmol C/m^3/s    |Primary Production plankton   10
   858 |PP0011  | 23 |       |SM P    MR|mmol C/m^3/s    |Primary Production plankton   11
   859 |PP0012  | 23 |       |SM P    MR|mmol C/m^3/s    |Primary Production plankton   12
   860 |GR0001  | 23 |       |SM P    MR|mmol C/m^3/s    |Grazing loss of plankton    1
   861 |GR0002  | 23 |       |SM P    MR|mmol C/m^3/s    |Grazing loss of plankton    2
   862 |GR0003  | 23 |       |SM P    MR|mmol C/m^3/s    |Grazing loss of plankton    3
   863 |GR0004  | 23 |       |SM P    MR|mmol C/m^3/s    |Grazing loss of plankton    4
   864 |GR0005  | 23 |       |SM P    MR|mmol C/m^3/s    |Grazing loss of plankton    5
   865 |GR0006  | 23 |       |SM P    MR|mmol C/m^3/s    |Grazing loss of plankton    6
   866 |GR0007  | 23 |       |SM P    MR|mmol C/m^3/s    |Grazing loss of plankton    7
   867 |GR0008  | 23 |       |SM P    MR|mmol C/m^3/s    |Grazing loss of plankton    8
   868 |GR0009  | 23 |       |SM P    MR|mmol C/m^3/s    |Grazing loss of plankton    9
   869 |GR0010  | 23 |       |SM P    MR|mmol C/m^3/s    |Grazing loss of plankton   10
   870 |GR0011  | 23 |       |SM P    MR|mmol C/m^3/s    |Grazing loss of plankton   11
   871 |GR0012  | 23 |       |SM P    MR|mmol C/m^3/s    |Grazing loss of plankton   12
   872 |GR0013  | 23 |       |SM P    MR|mmol C/m^3/s    |Grazing loss of plankton   13
   873 |GR0014  | 23 |       |SM P    MR|mmol C/m^3/s    |Grazing loss of plankton   14
   874 |GR0015  | 23 |       |SM P    MR|mmol C/m^3/s    |Grazing loss of plankton   15
   875 |GR0016  | 23 |       |SM P    MR|mmol C/m^3/s    |Grazing loss of plankton   16
   876 |pH      | 23 |       |SM P    MR|1               |pH
   877 |pCO2    | 23 |       |SM P    MR|atm             |Partial Pressure of CO2
   878 |fluxCO2 |  1 |       |SM P    L1|mmol C/m2/s     |Flux of CO2 - air-sea exch
   879 |gDICsurf|  1 |       |SM P    L1|mmol C/m3/s     |Tendency of DIC due to air-sea exch + oldvirt.flux
   880 |gALKsurf|  1 |       |SM P    L1|mmol eq/m3/s    |Tendency of ALK due to oldvirt.flux
   881 |gO2surf |  1 |       |SM P    L1|mmol O/m3/s     |Tendency of O2 due to air-sea exch
   882 |GC_Tr01 | 23 |       |SMR     MR|mmol C/         |DIC concentration before GCHEM
   883 |GC_Tr02 | 23 |       |SMR     MR|mmol N/         |NH4 concentration before GCHEM
   884 |GC_Tr03 | 23 |       |SMR     MR|mmol N/         |NO2 concentration before GCHEM
   885 |GC_Tr04 | 23 |       |SMR     MR|mmol N/         |NO3 concentration before GCHEM
   886 |GC_Tr05 | 23 |       |SMR     MR|mmol P/         |PO4 concentration before GCHEM
   887 |GC_Tr06 | 23 |       |SMR     MR|mmol Si         |SiO2 concentration before GCHEM
   888 |GC_Tr07 | 23 |       |SMR     MR|mmol Fe         |FeT concentration before GCHEM
   889 |GC_Tr08 | 23 |       |SMR     MR|mmol C/         |DOC concentration before GCHEM
   890 |GC_Tr09 | 23 |       |SMR     MR|mmol N/         |DON concentration before GCHEM
   891 |GC_Tr10 | 23 |       |SMR     MR|mmol P/         |DOP concentration before GCHEM
   892 |GC_Tr11 | 23 |       |SMR     MR|mmol Fe         |DOFe concentration before GCHEM
   893 |GC_Tr12 | 23 |       |SMR     MR|mmol C/         |POC concentration before GCHEM
   894 |GC_Tr13 | 23 |       |SMR     MR|mmol N/         |PON concentration before GCHEM
   895 |GC_Tr14 | 23 |       |SMR     MR|mmol P/         |POP concentration before GCHEM
   896 |GC_Tr15 | 23 |       |SMR     MR|mmol Si         |POSi concentration before GCHEM
   897 |GC_Tr16 | 23 |       |SMR     MR|mmol Fe         |POFe concentration before GCHEM
   898 |GC_Tr17 | 23 |       |SMR     MR|mmol C/         |PIC concentration before GCHEM
   899 |GC_Tr18 | 23 |       |SMR     MR|mmol eq         |ALK concentration before GCHEM
------------------------------------------------------------------------------------
  Num  |<-Name->|Levs|  mate |<- code ->|<--  Units   -->|<- Tile (max=80c)         
------------------------------------------------------------------------------------
   900 |GC_Tr19 | 23 |       |SMR     MR|mmol O/         |O2 concentration before GCHEM
   901 |GC_Tr20 | 23 |       |SMR     MR|mmol C/         |c01 concentration before GCHEM
   902 |GC_Tr21 | 23 |       |SMR     MR|mmol C/         |c02 concentration before GCHEM
   903 |GC_Tr22 | 23 |       |SMR     MR|mmol C/         |c03 concentration before GCHEM
   904 |GC_Tr23 | 23 |       |SMR     MR|mmol C/         |c04 concentration before GCHEM
   905 |GC_Tr24 | 23 |       |SMR     MR|mmol C/         |c05 concentration before GCHEM
   906 |GC_Tr25 | 23 |       |SMR     MR|mmol C/         |c06 concentration before GCHEM
   907 |GC_Tr26 | 23 |       |SMR     MR|mmol C/         |c07 concentration before GCHEM
   908 |GC_Tr27 | 23 |       |SMR     MR|mmol C/         |c08 concentration before GCHEM
   909 |GC_Tr28 | 23 |       |SMR     MR|mmol C/         |c09 concentration before GCHEM
   910 |GC_Tr29 | 23 |       |SMR     MR|mmol C/         |c10 concentration before GCHEM
   911 |GC_Tr30 | 23 |       |SMR     MR|mmol C/         |c11 concentration before GCHEM
   912 |GC_Tr31 | 23 |       |SMR     MR|mmol C/         |c12 concentration before GCHEM
   913 |GC_Tr32 | 23 |       |SMR     MR|mmol C/         |c13 concentration before GCHEM
   914 |GC_Tr33 | 23 |       |SMR     MR|mmol C/         |c14 concentration before GCHEM
   915 |GC_Tr34 | 23 |       |SMR     MR|mmol C/         |c15 concentration before GCHEM
   916 |GC_Tr35 | 23 |       |SMR     MR|mmol C/         |c16 concentration before GCHEM
   917 |GC_Tr36 | 23 |       |SMR     MR|mg/m^3          |Chl01 concentration before GCHEM
   918 |GC_Tr37 | 23 |       |SMR     MR|mg/m^3          |Chl02 concentration before GCHEM
   919 |GC_Tr38 | 23 |       |SMR     MR|mg/m^3          |Chl03 concentration before GCHEM
   920 |GC_Tr39 | 23 |       |SMR     MR|mg/m^3          |Chl04 concentration before GCHEM
   921 |GC_Tr40 | 23 |       |SMR     MR|mg/m^3          |Chl05 concentration before GCHEM
   922 |GC_Tr41 | 23 |       |SMR     MR|mg/m^3          |Chl06 concentration before GCHEM
   923 |GC_Tr42 | 23 |       |SMR     MR|mg/m^3          |Chl07 concentration before GCHEM
   924 |GC_Tr43 | 23 |       |SMR     MR|mg/m^3          |Chl08 concentration before GCHEM
   925 |GC_Tr44 | 23 |       |SMR     MR|mg/m^3          |Chl09 concentration before GCHEM
   926 |GC_Tr45 | 23 |       |SMR     MR|mg/m^3          |Chl10 concentration before GCHEM
   927 |GC_Tr46 | 23 |       |SMR     MR|mg/m^3          |Chl11 concentration before GCHEM
   928 |GC_Tr47 | 23 |       |SMR     MR|mg/m^3          |Chl12 concentration before GCHEM
------------------------------------------------------------------------------------
  Num  |<-Name->|Levs|  mate |<- code ->|<--  Units   -->|<- Tile (max=80c)         
------------------------------------------------------------------------------------
